{"numTotalTestSuites":74,"numPassedTestSuites":74,"numFailedTestSuites":0,"numPendingTestSuites":0,"numTotalTests":173,"numPassedTests":173,"numFailedTests":0,"numPendingTests":0,"numTodoTests":0,"snapshot":{"added":0,"failure":false,"filesAdded":0,"filesRemoved":0,"filesRemovedList":[],"filesUnmatched":0,"filesUpdated":0,"matched":0,"total":0,"unchecked":0,"uncheckedKeysByFile":[],"unmatched":0,"updated":0,"didUpdate":false},"startTime":1776585795722,"success":true,"testResults":[{"assertionResults":[{"ancestorTitles":["queryClient"],"fullName":"queryClient should be an instance of QueryClient","status":"passed","title":"should be an instance of QueryClient","duration":2.968244000000027,"failureMessages":[],"meta":{},"tags":[]},{"ancestorTitles":["queryClient"],"fullName":"queryClient should have the correct default options","status":"passed","title":"should have the correct default options","duration":1.2664350000000013,"failureMessages":[],"meta":{},"tags":[]}],"startTime":1776585798465,"endTime":1776585798469.2664,"status":"passed","message":"","name":"/app/src/queryClient.test.ts"},{"assertionResults":[{"ancestorTitles":["Zustand Store","UI state"],"fullName":"Zustand Store UI state should toggle search term","status":"passed","title":"should toggle search term","duration":5.308813999999984,"failureMessages":[],"meta":{},"tags":[]},{"ancestorTitles":["Zustand Store","UI state"],"fullName":"Zustand Store UI state should toggle settings modal","status":"passed","title":"should toggle settings modal","duration":0.7594740000000115,"failureMessages":[],"meta":{},"tags":[]},{"ancestorTitles":["Zustand Store","UI state"],"fullName":"Zustand Store UI state should toggle version modal","status":"passed","title":"should toggle version modal","duration":0.6130400000000122,"failureMessages":[],"meta":{},"tags":[]},{"ancestorTitles":["Zustand Store","Settings state"],"fullName":"Zustand Store Settings state should toggle filters","status":"passed","title":"should toggle filters","duration":2.929407000000026,"failureMessages":[],"meta":{},"tags":[]},{"ancestorTitles":["Zustand Store","Settings state"],"fullName":"Zustand Store Settings state should set filters directly","status":"passed","title":"should set filters directly","duration":1.6930090000000177,"failureMessages":[],"meta":{},"tags":[]},{"ancestorTitles":["Zustand Store","Settings state"],"fullName":"Zustand Store Settings state should clear filters","status":"passed","title":"should clear filters","duration":0.865948000000003,"failureMessages":[],"meta":{},"tags":[]},{"ancestorTitles":["Zustand Store","Settings state"],"fullName":"Zustand Store Settings state should set manual version","status":"passed","title":"should set manual version","duration":0.5858789999999772,"failureMessages":[],"meta":{},"tags":[]},{"ancestorTitles":["Zustand Store","Settings state"],"fullName":"Zustand Store Settings state should set living dex mode","status":"passed","title":"should set living dex mode","duration":0.5200480000000312,"failureMessages":[],"meta":{},"tags":[]},{"ancestorTitles":["Zustand Store","Settings state"],"fullName":"Zustand Store Settings state should set global pokeball","status":"passed","title":"should set global pokeball","duration":0.5224170000000186,"failureMessages":[],"meta":{},"tags":[]},{"ancestorTitles":["Zustand Store","filtersSet helper"],"fullName":"Zustand Store filtersSet helper should return a Set of the current filters","status":"passed","title":"should return a Set of the current filters","duration":1.7125540000000115,"failureMessages":[],"meta":{},"tags":[]},{"ancestorTitles":["Zustand Store","Save data"],"fullName":"Zustand Store Save data should set and clear save data","status":"passed","title":"should set and clear save data","duration":0.8477550000000065,"failureMessages":[],"meta":{},"tags":[]},{"ancestorTitles":["Zustand Store","Save data"],"fullName":"Zustand Store Save data should set and clear error","status":"passed","title":"should set and clear error","duration":0.45778300000000627,"failureMessages":[],"meta":{},"tags":[]},{"ancestorTitles":["Zustand Store","Save data"],"fullName":"Zustand Store Save data should handle corrupted save file from localStorage","status":"passed","title":"should handle corrupted save file from localStorage","duration":5.120194999999967,"failureMessages":[],"meta":{},"tags":[]},{"ancestorTitles":["Persist Hydration Error Handling"],"fullName":"Persist Hydration Error Handling should handle corrupted persist storage gracefully when getItem throws","status":"passed","title":"should handle corrupted persist storage gracefully when getItem throws","duration":3.1498080000000073,"failureMessages":[],"meta":{},"tags":[]},{"ancestorTitles":["Persist Hydration Error Handling"],"fullName":"Persist Hydration Error Handling should handle corrupted persist storage gracefully when JSON is invalid","status":"passed","title":"should handle corrupted persist storage gracefully when JSON is invalid","duration":3.1824300000000108,"failureMessages":[],"meta":{},"tags":[]}],"startTime":1776585796210,"endTime":1776585796239.1824,"status":"passed","message":"","name":"/app/src/store.test.ts"},{"assertionResults":[{"ancestorTitles":["useAssistant - generateSuggestions logic"],"fullName":"useAssistant - generateSuggestions logic should NOT mark Wigglytuff as Trade Required in Pokémon Yellow (ancestor logic)","status":"passed","title":"should NOT mark Wigglytuff as Trade Required in Pokémon Yellow (ancestor logic)","duration":5.375135999999998,"failureMessages":[],"meta":{},"tags":[]},{"ancestorTitles":["useAssistant - generateSuggestions logic"],"fullName":"useAssistant - generateSuggestions logic should NOT mark Poliwrath as Trade Required in Pokémon Yellow if Poliwag is catchable","status":"passed","title":"should NOT mark Poliwrath as Trade Required in Pokémon Yellow if Poliwag is catchable","duration":1.0491150000000289,"failureMessages":[],"meta":{},"tags":[]},{"ancestorTitles":["useAssistant - generateSuggestions logic"],"fullName":"useAssistant - generateSuggestions logic should mark Version Exclusives as Trade Required","status":"passed","title":"should mark Version Exclusives as Trade Required","duration":0.8702490000000012,"failureMessages":[],"meta":{},"tags":[]},{"ancestorTitles":["useAssistant - generateSuggestions logic"],"fullName":"useAssistant - generateSuggestions logic should NOT duplicate \"Catch Right Here\" when found in both local and nearby logic","status":"passed","title":"should NOT duplicate \"Catch Right Here\" when found in both local and nearby logic","duration":1.0660139999999956,"failureMessages":[],"meta":{},"tags":[]}],"startTime":1776585797258,"endTime":1776585797266.066,"status":"passed","message":"","name":"/app/src/hooks/useAssistant.test.ts"},{"assertionResults":[{"ancestorTitles":["getGenerationConfig"],"fullName":"getGenerationConfig should return the correct configuration for an existing generation (Gen 1)","status":"passed","title":"should return the correct configuration for an existing generation (Gen 1)","duration":2.960444999999993,"failureMessages":[],"meta":{},"tags":[]},{"ancestorTitles":["getGenerationConfig"],"fullName":"getGenerationConfig should return the correct configuration for an existing generation (Gen 2)","status":"passed","title":"should return the correct configuration for an existing generation (Gen 2)","duration":0.4483690000000138,"failureMessages":[],"meta":{},"tags":[]},{"ancestorTitles":["getGenerationConfig"],"fullName":"getGenerationConfig should throw an error for an unknown generation (e.g. Gen 3)","status":"passed","title":"should throw an error for an unknown generation (e.g. Gen 3)","duration":1.385690000000011,"failureMessages":[],"meta":{},"tags":[]},{"ancestorTitles":["getGenerationConfig"],"fullName":"getGenerationConfig should throw an error for generation 0","status":"passed","title":"should throw an error for generation 0","duration":0.44115700000003244,"failureMessages":[],"meta":{},"tags":[]},{"ancestorTitles":["getGenerationConfig"],"fullName":"getGenerationConfig should throw an error for negative generation numbers","status":"passed","title":"should throw an error for negative generation numbers","duration":0.3955440000000294,"failureMessages":[],"meta":{},"tags":[]},{"ancestorTitles":["getGenerationConfig"],"fullName":"getGenerationConfig should throw an error for an arbitrarily large generation number","status":"passed","title":"should throw an error for an arbitrarily large generation number","duration":0.429333999999983,"failureMessages":[],"meta":{},"tags":[]},{"ancestorTitles":["getVersionInfo"],"fullName":"getVersionInfo should return correct genConfig and version for known version id (red)","status":"passed","title":"should return correct genConfig and version for known version id (red)","duration":0.5699710000000096,"failureMessages":[],"meta":{},"tags":[]},{"ancestorTitles":["getVersionInfo"],"fullName":"getVersionInfo should return correct genConfig and version for known version id (crystal)","status":"passed","title":"should return correct genConfig and version for known version id (crystal)","duration":0.7269900000000007,"failureMessages":[],"meta":{},"tags":[]},{"ancestorTitles":["getVersionInfo"],"fullName":"getVersionInfo should return null for unknown version id","status":"passed","title":"should return null for unknown version id","duration":0.9666429999999764,"failureMessages":[],"meta":{},"tags":[]},{"ancestorTitles":["getVersionInfo"],"fullName":"getVersionInfo should return null for empty string version id","status":"passed","title":"should return null for empty string version id","duration":0.3266049999999723,"failureMessages":[],"meta":{},"tags":[]},{"ancestorTitles":["getVersionInfo"],"fullName":"getVersionInfo should return null for undefined or null version id values","status":"passed","title":"should return null for undefined or null version id values","duration":0.277512999999999,"failureMessages":[],"meta":{},"tags":[]},{"ancestorTitles":["generation config sprite URLs"],"fullName":"generation config sprite URLs Gen 1 sprite URLs should be correct","status":"passed","title":"Gen 1 sprite URLs should be correct","duration":0.36216400000000704,"failureMessages":[],"meta":{},"tags":[]},{"ancestorTitles":["generation config sprite URLs"],"fullName":"generation config sprite URLs Gen 2 sprite URLs should be correct","status":"passed","title":"Gen 2 sprite URLs should be correct","duration":0.3627529999999979,"failureMessages":[],"meta":{},"tags":[]}],"startTime":1776585796843,"endTime":1776585796853.3628,"status":"passed","message":"","name":"/app/src/utils/generationConfig.test.ts"},{"assertionResults":[{"ancestorTitles":["DexDataLoader"],"fullName":"DexDataLoader batches calls to pokeDB.getPokemons","status":"passed","title":"batches calls to pokeDB.getPokemons","duration":6.6937599999999975,"failureMessages":[],"meta":{},"tags":[]},{"ancestorTitles":["DexDataLoader"],"fullName":"DexDataLoader handles errors from pokeDB","status":"passed","title":"handles errors from pokeDB","duration":2.8442100000000323,"failureMessages":[],"meta":{},"tags":[]},{"ancestorTitles":["DexDataLoader"],"fullName":"DexDataLoader getPokemonDetails aggregates data correctly","status":"passed","title":"getPokemonDetails aggregates data correctly","duration":1.6336330000000316,"failureMessages":[],"meta":{},"tags":[]}],"startTime":1776585796893,"endTime":1776585796904.6335,"status":"passed","message":"","name":"/app/src/db/__tests__/DexDataLoader.test.ts"},{"assertionResults":[{"ancestorTitles":["PokeDB"],"fullName":"PokeDB skips fetch if IndexedDB has the same build hash","status":"passed","title":"skips fetch if IndexedDB has the same build hash","duration":13.146902000000011,"failureMessages":[],"meta":{},"tags":[]},{"ancestorTitles":["PokeDB"],"fullName":"PokeDB resets syncPromise if fetch fails","status":"passed","title":"resets syncPromise if fetch fails","duration":5.120010000000036,"failureMessages":[],"meta":{},"tags":[]},{"ancestorTitles":["PokeDB"],"fullName":"PokeDB skips parsing and updates metadata if fetched data hash matches existing DB hash","status":"passed","title":"skips parsing and updates metadata if fetched data hash matches existing DB hash","duration":3.264657999999997,"failureMessages":[],"meta":{},"tags":[]},{"ancestorTitles":["PokeDB"],"fullName":"PokeDB deduplicates concurrent sync requests","status":"passed","title":"deduplicates concurrent sync requests","duration":1.6061389999999847,"failureMessages":[],"meta":{},"tags":[]},{"ancestorTitles":["PokeDB"],"fullName":"PokeDB emits progress events during sync","status":"passed","title":"emits progress events during sync","duration":2.5365070000000287,"failureMessages":[],"meta":{},"tags":[]},{"ancestorTitles":["PokeDB"],"fullName":"PokeDB syncs data correctly","status":"passed","title":"syncs data correctly","duration":2.818551999999954,"failureMessages":[],"meta":{},"tags":[]},{"ancestorTitles":["PokeDB"],"fullName":"PokeDB performs bulk operations for pokemons","status":"passed","title":"performs bulk operations for pokemons","duration":3.37588999999997,"failureMessages":[],"meta":{},"tags":[]},{"ancestorTitles":["PokeDB"],"fullName":"PokeDB handles invalid IDs gracefully","status":"passed","title":"handles invalid IDs gracefully","duration":1.7783829999999625,"failureMessages":[],"meta":{},"tags":[]},{"ancestorTitles":["PokeDB"],"fullName":"PokeDB resolves area names correctly","status":"passed","title":"resolves area names correctly","duration":2.8862610000000473,"failureMessages":[],"meta":{},"tags":[]}],"startTime":1776585796180,"endTime":1776585796216.8862,"status":"passed","message":"","name":"/app/src/db/__tests__/PokeDB.test.ts"},{"assertionResults":[{"ancestorTitles":["getDistanceToMap"],"fullName":"getDistanceToMap returns distance 0 when starting map is the target","status":"passed","title":"returns distance 0 when starting map is the target","duration":3.905220999999983,"failureMessages":[],"meta":{},"tags":[]},{"ancestorTitles":["getDistanceToMap"],"fullName":"getDistanceToMap returns distance 1 for an adjacent map","status":"passed","title":"returns distance 1 for an adjacent map","duration":0.3909919999999829,"failureMessages":[],"meta":{},"tags":[]},{"ancestorTitles":["getDistanceToMap"],"fullName":"getDistanceToMap returns distance 2 for a multi-hop distant map","status":"passed","title":"returns distance 2 for a multi-hop distant map","duration":0.24812700000001087,"failureMessages":[],"meta":{},"tags":[]},{"ancestorTitles":["getDistanceToMap"],"fullName":"getDistanceToMap gracefully falls back to parent map for indoor locations","status":"passed","title":"gracefully falls back to parent map for indoor locations","duration":0.241079999999954,"failureMessages":[],"meta":{},"tags":[]},{"ancestorTitles":["getDistanceToMap"],"fullName":"getDistanceToMap defaults to Saffron City (mocked as City ID 10) for an unknown starting map","status":"passed","title":"defaults to Saffron City (mocked as City ID 10) for an unknown starting map","duration":0.26544699999999466,"failureMessages":[],"meta":{},"tags":[]},{"ancestorTitles":["getDistanceToMap"],"fullName":"getDistanceToMap returns null for an unknown target aid","status":"passed","title":"returns null for an unknown target aid","duration":0.24722000000002708,"failureMessages":[],"meta":{},"tags":[]}],"startTime":1776585798205,"endTime":1776585798210.2654,"status":"passed","message":"","name":"/app/src/engine/mapGraph/gen1Graph.test.ts"},{"assertionResults":[{"ancestorTitles":["getMapGraph"],"fullName":"getMapGraph returns null for an unsupported generation","status":"passed","title":"returns null for an unsupported generation","duration":3.920207000000005,"failureMessages":[],"meta":{},"tags":[]},{"ancestorTitles":["getMapGraph"],"fullName":"getMapGraph returns a MapGraph for generation 1","status":"passed","title":"returns a MapGraph for generation 1","duration":1.0940610000000106,"failureMessages":[],"meta":{},"tags":[]},{"ancestorTitles":["getMapGraph"],"fullName":"getMapGraph delegates getDistanceToMap to gen1Graph for generation 1","status":"passed","title":"delegates getDistanceToMap to gen1Graph for generation 1","duration":3.0536109999999894,"failureMessages":[],"meta":{},"tags":[]},{"ancestorTitles":["getMapGraph"],"fullName":"getMapGraph delegates resolveOutdoorMapId to gen1Graph getOutdoorMapId for generation 1","status":"passed","title":"delegates resolveOutdoorMapId to gen1Graph getOutdoorMapId for generation 1","duration":0.6623260000000073,"failureMessages":[],"meta":{},"tags":[]}],"startTime":1776585797426,"endTime":1776585797435.6624,"status":"passed","message":"","name":"/app/src/engine/mapGraph/index.test.ts"},{"assertionResults":[{"ancestorTitles":["saveParser - Dynamic Offset Shift Detection"],"fullName":"saveParser - Dynamic Offset Shift Detection should detect NO SHIFT when padding at 0x25B5 is correct","status":"passed","title":"should detect NO SHIFT when padding at 0x25B5 is correct","duration":5.351945000000001,"failureMessages":[],"meta":{},"tags":[]},{"ancestorTitles":["saveParser - Dynamic Offset Shift Detection"],"fullName":"saveParser - Dynamic Offset Shift Detection should detect 1-BYTE SHIFT when padding at 0x25B5 is incorrect and 0x25B6 is correct","status":"passed","title":"should detect 1-BYTE SHIFT when padding at 0x25B5 is incorrect and 0x25B6 is correct","duration":0.8479389999999967,"failureMessages":[],"meta":{},"tags":[]},{"ancestorTitles":["saveParser - Dynamic Offset Shift Detection"],"fullName":"saveParser - Dynamic Offset Shift Detection should fallback to 0 shift if neither padding is correct (safest bet)","status":"passed","title":"should fallback to 0 shift if neither padding is correct (safest bet)","duration":0.6996679999999742,"failureMessages":[],"meta":{},"tags":[]}],"startTime":1776585797723,"endTime":1776585797729.848,"status":"passed","message":"","name":"/app/src/engine/saveParser/index.test.ts"},{"assertionResults":[{"ancestorTitles":["Yellow Save Repro"],"fullName":"Yellow Save Repro should parse the user provided yellow save","status":"passed","title":"should parse the user provided yellow save","duration":6.5780339999999455,"failureMessages":[],"meta":{},"tags":[]}],"startTime":1776585797884,"endTime":1776585797890.5781,"status":"passed","message":"","name":"/app/src/engine/saveParser/repro.test.ts"},{"assertionResults":[{"ancestorTitles":["saveParser - Pokémon Gen 1 Validation"],"fullName":"saveParser - Pokémon Gen 1 Validation should correctly detect and parse the provided yellow.sav (R/B layout)","status":"passed","title":"should correctly detect and parse the provided yellow.sav (R/B layout)","duration":8.460639000000015,"failureMessages":[],"meta":{},"tags":[]},{"ancestorTitles":["saveParser - Pokémon Gen 1 Validation"],"fullName":"saveParser - Pokémon Gen 1 Validation should correctly identify claimed gifts in the save file","status":"passed","title":"should correctly identify claimed gifts in the save file","duration":1.7881249999999795,"failureMessages":[],"meta":{},"tags":[]},{"ancestorTitles":["saveParser - Pokémon Gen 1 Validation"],"fullName":"saveParser - Pokémon Gen 1 Validation should support manual version overrides","status":"passed","title":"should support manual version overrides","duration":1.8575649999999655,"failureMessages":[],"meta":{},"tags":[]},{"ancestorTitles":["saveParser - Pokémon Gen 1 Validation"],"fullName":"saveParser - Pokémon Gen 1 Validation should parse full pcDetails for all 12 boxes","status":"passed","title":"should parse full pcDetails for all 12 boxes","duration":1.5577969999999937,"failureMessages":[],"meta":{},"tags":[]},{"ancestorTitles":["decodeGen12String"],"fullName":"decodeGen12String should decode a simple string correctly","status":"passed","title":"should decode a simple string correctly","duration":0.41562800000002653,"failureMessages":[],"meta":{},"tags":[]},{"ancestorTitles":["decodeGen12String"],"fullName":"decodeGen12String should handle non-zero offsets correctly","status":"passed","title":"should handle non-zero offsets correctly","duration":0.19234800000003816,"failureMessages":[],"meta":{},"tags":[]},{"ancestorTitles":["decodeGen12String"],"fullName":"decodeGen12String should handle unmapped characters with \"?\"","status":"passed","title":"should handle unmapped characters with \"?\"","duration":0.1589960000000019,"failureMessages":[],"meta":{},"tags":[]},{"ancestorTitles":["decodeGen12String"],"fullName":"decodeGen12String should handle special multi-character mappings","status":"passed","title":"should handle special multi-character mappings","duration":0.2966660000000161,"failureMessages":[],"meta":{},"tags":[]},{"ancestorTitles":["decodeGen12String"],"fullName":"decodeGen12String should stop at terminator 0x50","status":"passed","title":"should stop at terminator 0x50","duration":1.0697270000000003,"failureMessages":[],"meta":{},"tags":[]},{"ancestorTitles":["decodeGen12String"],"fullName":"decodeGen12String should stop at terminator 0x00","status":"passed","title":"should stop at terminator 0x00","duration":0.24836599999997588,"failureMessages":[],"meta":{},"tags":[]},{"ancestorTitles":["decodeGen12String"],"fullName":"decodeGen12String should stop at terminator 0xFF","status":"passed","title":"should stop at terminator 0xFF","duration":0.17486999999999853,"failureMessages":[],"meta":{},"tags":[]},{"ancestorTitles":["decodeGen12String"],"fullName":"decodeGen12String should respect maxLength","status":"passed","title":"should respect maxLength","duration":0.18109600000002501,"failureMessages":[],"meta":{},"tags":[]},{"ancestorTitles":["decodeGen12String"],"fullName":"decodeGen12String should default to maxLength 11","status":"passed","title":"should default to maxLength 11","duration":0.18433600000003025,"failureMessages":[],"meta":{},"tags":[]},{"ancestorTitles":["decodeGen12String"],"fullName":"decodeGen12String should trim the resulting string","status":"passed","title":"should trim the resulting string","duration":0.34084799999999404,"failureMessages":[],"meta":{},"tags":[]},{"ancestorTitles":["decodeGen12String"],"fullName":"decodeGen12String should handle strings that fill maxLength without a terminator","status":"passed","title":"should handle strings that fill maxLength without a terminator","duration":0.18084800000002588,"failureMessages":[],"meta":{},"tags":[]},{"ancestorTitles":["decodeGen12String"],"fullName":"decodeGen12String should stop gracefully when reaching out-of-bounds array access (undefined byte)","status":"passed","title":"should stop gracefully when reaching out-of-bounds array access (undefined byte)","duration":0.19092399999999543,"failureMessages":[],"meta":{},"tags":[]}],"startTime":1776585796526,"endTime":1776585796545.191,"status":"passed","message":"","name":"/app/src/engine/saveParser/saveParser.test.ts"},{"assertionResults":[{"ancestorTitles":["fetchAssistantApiData"],"fullName":"fetchAssistantApiData should handle evolution fetch failure gracefully","status":"passed","title":"should handle evolution fetch failure gracefully","duration":6.006095000000016,"failureMessages":[],"meta":{},"tags":[]}],"startTime":1776585798380,"endTime":1776585798386.006,"status":"passed","message":"","name":"/app/src/engine/assistant/__tests__/fetchAssistantApiData.test.ts"},{"assertionResults":[{"ancestorTitles":["Gen 1 AssistantStrategy"],"fullName":"Gen 1 AssistantStrategy should have generation = 1","status":"passed","title":"should have generation = 1","duration":2.973173999999972,"failureMessages":[],"meta":{},"tags":[]},{"ancestorTitles":["Gen 1 AssistantStrategy","resolveMapAid"],"fullName":"Gen 1 AssistantStrategy resolveMapAid should resolve Pallet Town (0x00) to Pallet Town Map ID (0x00)","status":"passed","title":"should resolve Pallet Town (0x00) to Pallet Town Map ID (0x00)","duration":0.5060710000000199,"failureMessages":[],"meta":{},"tags":[]},{"ancestorTitles":["Gen 1 AssistantStrategy","resolveMapAid"],"fullName":"Gen 1 AssistantStrategy resolveMapAid should resolve Cerulean City (0x03) to Cerulean City Map ID (0x03)","status":"passed","title":"should resolve Cerulean City (0x03) to Cerulean City Map ID (0x03)","duration":0.22547200000002476,"failureMessages":[],"meta":{},"tags":[]},{"ancestorTitles":["Gen 1 AssistantStrategy","resolveMapAid"],"fullName":"Gen 1 AssistantStrategy resolveMapAid should resolve indoor maps to their parent outdoor area map id","status":"passed","title":"should resolve indoor maps to their parent outdoor area map id","duration":0.25955199999998513,"failureMessages":[],"meta":{},"tags":[]},{"ancestorTitles":["Gen 1 AssistantStrategy","getMapDistance"],"fullName":"Gen 1 AssistantStrategy getMapDistance should return distance 0 for current location","status":"passed","title":"should return distance 0 for current location","duration":0.7310370000000148,"failureMessages":[],"meta":{},"tags":[]},{"ancestorTitles":["Gen 1 AssistantStrategy","getMapDistance"],"fullName":"Gen 1 AssistantStrategy getMapDistance should return positive distance for adjacent locations","status":"passed","title":"should return positive distance for adjacent locations","duration":0.2220429999999851,"failureMessages":[],"meta":{},"tags":[]},{"ancestorTitles":["Gen 1 AssistantStrategy","getMapDistance"],"fullName":"Gen 1 AssistantStrategy getMapDistance should return null for unknown target aids","status":"passed","title":"should return null for unknown target aids","duration":0.16213600000003225,"failureMessages":[],"meta":{},"tags":[]},{"ancestorTitles":["Gen 1 AssistantStrategy","getUnobtainableReason"],"fullName":"Gen 1 AssistantStrategy getUnobtainableReason should detect Raichu lock in Yellow","status":"passed","title":"should detect Raichu lock in Yellow","duration":0.6247270000000071,"failureMessages":[],"meta":{},"tags":[]},{"ancestorTitles":["Gen 1 AssistantStrategy","getUnobtainableReason"],"fullName":"Gen 1 AssistantStrategy getUnobtainableReason should return null for normal obtainable Pokémon","status":"passed","title":"should return null for normal obtainable Pokémon","duration":0.303559000000007,"failureMessages":[],"meta":{},"tags":[]},{"ancestorTitles":["Gen 1 AssistantStrategy","getSpecialSuggestions"],"fullName":"Gen 1 AssistantStrategy getSpecialSuggestions should warn when box is nearly full","status":"passed","title":"should warn when box is nearly full","duration":1.4929089999999974,"failureMessages":[],"meta":{},"tags":[]},{"ancestorTitles":["Gen 1 AssistantStrategy","getSpecialSuggestions"],"fullName":"Gen 1 AssistantStrategy getSpecialSuggestions should not warn when box has space","status":"passed","title":"should not warn when box has space","duration":1.1542860000000132,"failureMessages":[],"meta":{},"tags":[]}],"startTime":1776585797150,"endTime":1776585797159.1543,"status":"passed","message":"","name":"/app/src/engine/assistant/__tests__/gen1Strategy.test.ts"},{"assertionResults":[{"ancestorTitles":["generateSuggestions"],"fullName":"generateSuggestions should generate \"Catch Right Here\" (catch-local) suggestions","status":"passed","title":"should generate \"Catch Right Here\" (catch-local) suggestions","duration":6.622487000000035,"failureMessages":[],"meta":{},"tags":[]},{"ancestorTitles":["generateSuggestions"],"fullName":"generateSuggestions should generate \"Nearby\" (catch-nearby) suggestions","status":"passed","title":"should generate \"Nearby\" (catch-nearby) suggestions","duration":1.1527699999999754,"failureMessages":[],"meta":{},"tags":[]}],"startTime":1776585797492,"endTime":1776585797499.1528,"status":"passed","message":"","name":"/app/src/engine/assistant/__tests__/generateSuggestions.test.ts"},{"assertionResults":[{"ancestorTitles":["suggestionEngine - Redundancy Fix Verification"],"fullName":"suggestionEngine - Redundancy Fix Verification should only show \"Version Exclusive\" for Jynx in Yellow","status":"passed","title":"should only show \"Version Exclusive\" for Jynx in Yellow","duration":6.729492999999991,"failureMessages":[],"meta":{},"tags":[]},{"ancestorTitles":["suggestionEngine - Redundancy Fix Verification"],"fullName":"suggestionEngine - Redundancy Fix Verification should suppress \"Version Exclusive\" for Mr. Mime and only show NPC trade","status":"passed","title":"should suppress \"Version Exclusive\" for Mr. Mime and only show NPC trade","duration":1.008875000000046,"failureMessages":[],"meta":{},"tags":[]}],"startTime":1776585797808,"endTime":1776585797816.0088,"status":"passed","message":"","name":"/app/src/engine/assistant/__tests__/suggestionEngine.fix.test.ts"},{"assertionResults":[{"ancestorTitles":["suggestionEngine - Jynx Double Suggestion Repro"],"fullName":"suggestionEngine - Jynx Double Suggestion Repro should load and parse the save file","status":"passed","title":"should load and parse the save file","duration":6.958651999999972,"failureMessages":[],"meta":{},"tags":[]}],"startTime":1776585798038,"endTime":1776585798044.9587,"status":"passed","message":"","name":"/app/src/engine/assistant/__tests__/suggestionEngine.repro.test.ts"},{"assertionResults":[{"ancestorTitles":[],"fullName":"coverage for suggestionEngine new lines","status":"passed","title":"coverage for suggestionEngine new lines","duration":6.4476660000000265,"failureMessages":[],"meta":{},"tags":[]},{"ancestorTitles":[],"fullName":"coverage for suggestionEngine edge cases","status":"passed","title":"coverage for suggestionEngine edge cases","duration":0.7259770000000003,"failureMessages":[],"meta":{},"tags":[]}],"startTime":1776585798139,"endTime":1776585798145.726,"status":"passed","message":"","name":"/app/src/engine/assistant/__tests__/test-coverage.test.ts"},{"assertionResults":[{"ancestorTitles":["gen1Exclusives","getUnobtainableReason","Yellow Raichu"],"fullName":"gen1Exclusives getUnobtainableReason Yellow Raichu should lock Raichu (26) in Yellow if Pikachu (25) was not evolved","status":"passed","title":"should lock Raichu (26) in Yellow if Pikachu (25) was not evolved","duration":3.787191000000007,"failureMessages":[],"meta":{},"tags":[]},{"ancestorTitles":["gen1Exclusives","getUnobtainableReason","Yellow Raichu"],"fullName":"gen1Exclusives getUnobtainableReason Yellow Raichu should not lock Raichu in Yellow if Raichu is already owned","status":"passed","title":"should not lock Raichu in Yellow if Raichu is already owned","duration":0.5190190000000143,"failureMessages":[],"meta":{},"tags":[]},{"ancestorTitles":["gen1Exclusives","getUnobtainableReason","Yellow Raichu"],"fullName":"gen1Exclusives getUnobtainableReason Yellow Raichu should not lock Raichu in Red/Blue even if not owned","status":"passed","title":"should not lock Raichu in Red/Blue even if not owned","duration":0.2711830000000077,"failureMessages":[],"meta":{},"tags":[]},{"ancestorTitles":["gen1Exclusives","getUnobtainableReason","Missed pre-evolutions (Starters/Eevee)"],"fullName":"gen1Exclusives getUnobtainableReason Missed pre-evolutions (Starters/Eevee) should lock Bulbasaur (1) if Ivysaur (2) is owned but Bulbasaur is not","status":"passed","title":"should lock Bulbasaur (1) if Ivysaur (2) is owned but Bulbasaur is not","duration":0.3346990000000005,"failureMessages":[],"meta":{},"tags":[]},{"ancestorTitles":["gen1Exclusives","getUnobtainableReason","Missed pre-evolutions (Starters/Eevee)"],"fullName":"gen1Exclusives getUnobtainableReason Missed pre-evolutions (Starters/Eevee) should lock Squirtle (7) if Wartortle (8) is owned but Squirtle is not","status":"passed","title":"should lock Squirtle (7) if Wartortle (8) is owned but Squirtle is not","duration":0.4198430000000144,"failureMessages":[],"meta":{},"tags":[]},{"ancestorTitles":["gen1Exclusives","getUnobtainableReason","Missed pre-evolutions (Starters/Eevee)"],"fullName":"gen1Exclusives getUnobtainableReason Missed pre-evolutions (Starters/Eevee) should lock Squirtle (7) if Blastoise (9) is owned but Squirtle is not","status":"passed","title":"should lock Squirtle (7) if Blastoise (9) is owned but Squirtle is not","duration":0.5243940000000293,"failureMessages":[],"meta":{},"tags":[]},{"ancestorTitles":["gen1Exclusives","getUnobtainableReason","Missed pre-evolutions (Starters/Eevee)"],"fullName":"gen1Exclusives getUnobtainableReason Missed pre-evolutions (Starters/Eevee) should lock Charmander (4) if Charmeleon (5) is owned but Charmander is not","status":"passed","title":"should lock Charmander (4) if Charmeleon (5) is owned but Charmander is not","duration":0.22680300000001807,"failureMessages":[],"meta":{},"tags":[]},{"ancestorTitles":["gen1Exclusives","getUnobtainableReason","Missed pre-evolutions (Starters/Eevee)"],"fullName":"gen1Exclusives getUnobtainableReason Missed pre-evolutions (Starters/Eevee) should not lock Charmander (4) if it is currently owned","status":"passed","title":"should not lock Charmander (4) if it is currently owned","duration":0.45683400000001484,"failureMessages":[],"meta":{},"tags":[]},{"ancestorTitles":["gen1Exclusives","getUnobtainableReason","Missed pre-evolutions (Starters/Eevee)"],"fullName":"gen1Exclusives getUnobtainableReason Missed pre-evolutions (Starters/Eevee) should not lock Charmander (4) if no evolution is owned","status":"passed","title":"should not lock Charmander (4) if no evolution is owned","duration":0.30115699999998924,"failureMessages":[],"meta":{},"tags":[]},{"ancestorTitles":["gen1Exclusives","getUnobtainableReason","Missed pre-evolutions (Starters/Eevee)"],"fullName":"gen1Exclusives getUnobtainableReason Missed pre-evolutions (Starters/Eevee) should lock Eevee (133) if an evolution (Vaporeon 134) is owned but Eevee is not","status":"passed","title":"should lock Eevee (133) if an evolution (Vaporeon 134) is owned but Eevee is not","duration":0.206312999999966,"failureMessages":[],"meta":{},"tags":[]},{"ancestorTitles":["gen1Exclusives","getUnobtainableReason","Missed pre-evolutions (Starters/Eevee)"],"fullName":"gen1Exclusives getUnobtainableReason Missed pre-evolutions (Starters/Eevee) should lock Eevee (133) if Jolteon (135) is owned but Eevee is not","status":"passed","title":"should lock Eevee (133) if Jolteon (135) is owned but Eevee is not","duration":1.2655730000000176,"failureMessages":[],"meta":{},"tags":[]},{"ancestorTitles":["gen1Exclusives","getUnobtainableReason","Missed pre-evolutions (Starters/Eevee)"],"fullName":"gen1Exclusives getUnobtainableReason Missed pre-evolutions (Starters/Eevee) should lock Eevee (133) if Flareon (136) is owned but Eevee is not","status":"passed","title":"should lock Eevee (133) if Flareon (136) is owned but Eevee is not","duration":0.33396400000003723,"failureMessages":[],"meta":{},"tags":[]},{"ancestorTitles":["gen1Exclusives","getUnobtainableReason","Hitmons (Mutually Exclusive)"],"fullName":"gen1Exclusives getUnobtainableReason Hitmons (Mutually Exclusive) should lock Hitmonlee (106) if Hitmonchan (107) is owned and Hitmonlee is not","status":"passed","title":"should lock Hitmonlee (106) if Hitmonchan (107) is owned and Hitmonlee is not","duration":1.3352459999999837,"failureMessages":[],"meta":{},"tags":[]},{"ancestorTitles":["gen1Exclusives","getUnobtainableReason","Hitmons (Mutually Exclusive)"],"fullName":"gen1Exclusives getUnobtainableReason Hitmons (Mutually Exclusive) should lock Hitmonchan (107) if Hitmonlee (106) is owned and Hitmonchan is not","status":"passed","title":"should lock Hitmonchan (107) if Hitmonlee (106) is owned and Hitmonchan is not","duration":0.35254100000003064,"failureMessages":[],"meta":{},"tags":[]},{"ancestorTitles":["gen1Exclusives","getUnobtainableReason","Hitmons (Mutually Exclusive)"],"fullName":"gen1Exclusives getUnobtainableReason Hitmons (Mutually Exclusive) should not lock Hitmonlee (106) if neither is owned","status":"passed","title":"should not lock Hitmonlee (106) if neither is owned","duration":0.17871900000000096,"failureMessages":[],"meta":{},"tags":[]},{"ancestorTitles":["gen1Exclusives","getUnobtainableReason","Hitmons (Mutually Exclusive)"],"fullName":"gen1Exclusives getUnobtainableReason Hitmons (Mutually Exclusive) should not lock Hitmonlee (106) if both are somehow owned (traded)","status":"passed","title":"should not lock Hitmonlee (106) if both are somehow owned (traded)","duration":0.2536699999999996,"failureMessages":[],"meta":{},"tags":[]},{"ancestorTitles":["gen1Exclusives","getUnobtainableReason","Yellow Version Exclusives"],"fullName":"gen1Exclusives getUnobtainableReason Yellow Version Exclusives should lock Electabuzz (125) in Yellow","status":"passed","title":"should lock Electabuzz (125) in Yellow","duration":0.192245000000014,"failureMessages":[],"meta":{},"tags":[]},{"ancestorTitles":["gen1Exclusives","getUnobtainableReason","Yellow Version Exclusives"],"fullName":"gen1Exclusives getUnobtainableReason Yellow Version Exclusives should not lock Sandshrew (27) or Pinsir (127) in Yellow","status":"passed","title":"should not lock Sandshrew (27) or Pinsir (127) in Yellow","duration":0.18877199999997174,"failureMessages":[],"meta":{},"tags":[]},{"ancestorTitles":["gen1Exclusives","getUnobtainableReason","Fossils (Mutually Exclusive)"],"fullName":"gen1Exclusives getUnobtainableReason Fossils (Mutually Exclusive) should lock Omanyte (138) if Kabuto (140) is owned","status":"passed","title":"should lock Omanyte (138) if Kabuto (140) is owned","duration":0.1956700000000069,"failureMessages":[],"meta":{},"tags":[]},{"ancestorTitles":["gen1Exclusives","getUnobtainableReason","Fossils (Mutually Exclusive)"],"fullName":"gen1Exclusives getUnobtainableReason Fossils (Mutually Exclusive) should lock Omanyte (138) if Kabutops (141) is owned","status":"passed","title":"should lock Omanyte (138) if Kabutops (141) is owned","duration":0.18300299999998515,"failureMessages":[],"meta":{},"tags":[]},{"ancestorTitles":["gen1Exclusives","getUnobtainableReason","Fossils (Mutually Exclusive)"],"fullName":"gen1Exclusives getUnobtainableReason Fossils (Mutually Exclusive) should lock Kabuto (140) if Omastar (139) is owned","status":"passed","title":"should lock Kabuto (140) if Omastar (139) is owned","duration":0.17000000000001592,"failureMessages":[],"meta":{},"tags":[]},{"ancestorTitles":["gen1Exclusives","getUnobtainableReason","Fossils (Mutually Exclusive)"],"fullName":"gen1Exclusives getUnobtainableReason Fossils (Mutually Exclusive) should lock Omastar (139) if Kabuto (140) is owned","status":"passed","title":"should lock Omastar (139) if Kabuto (140) is owned","duration":0.15502200000003086,"failureMessages":[],"meta":{},"tags":[]},{"ancestorTitles":["gen1Exclusives","getUnobtainableReason","Fossils (Mutually Exclusive)"],"fullName":"gen1Exclusives getUnobtainableReason Fossils (Mutually Exclusive) should lock Kabutops (141) if Omanyte (138) is owned","status":"passed","title":"should lock Kabutops (141) if Omanyte (138) is owned","duration":0.16697399999998197,"failureMessages":[],"meta":{},"tags":[]},{"ancestorTitles":["gen1Exclusives","getUnobtainableReason","Fossils (Mutually Exclusive)"],"fullName":"gen1Exclusives getUnobtainableReason Fossils (Mutually Exclusive) should lock Kabutops (141) if Omastar (139) is owned","status":"passed","title":"should lock Kabutops (141) if Omastar (139) is owned","duration":0.21931000000000722,"failureMessages":[],"meta":{},"tags":[]},{"ancestorTitles":["gen1Exclusives","getUnobtainableReason","Fossils (Mutually Exclusive)"],"fullName":"gen1Exclusives getUnobtainableReason Fossils (Mutually Exclusive) should not lock Omanyte (138) if neither is owned","status":"passed","title":"should not lock Omanyte (138) if neither is owned","duration":0.13789300000001958,"failureMessages":[],"meta":{},"tags":[]},{"ancestorTitles":["gen1Exclusives","getUnobtainableReason","Fossils (Mutually Exclusive)"],"fullName":"gen1Exclusives getUnobtainableReason Fossils (Mutually Exclusive) should not lock Omanyte (138) if both are somehow owned","status":"passed","title":"should not lock Omanyte (138) if both are somehow owned","duration":0.14404300000001058,"failureMessages":[],"meta":{},"tags":[]},{"ancestorTitles":["gen1Exclusives","getUnobtainableReason","General Obtainable Pokémon"],"fullName":"gen1Exclusives getUnobtainableReason General Obtainable Pokémon should return null for normally obtainable Pokémon (Pidgey 16)","status":"passed","title":"should return null for normally obtainable Pokémon (Pidgey 16)","duration":0.17984500000000025,"failureMessages":[],"meta":{},"tags":[]}],"startTime":1776585796551,"endTime":1776585796565.18,"status":"passed","message":"","name":"/app/src/engine/exclusives/__tests__/gen1Exclusives.test.ts"},{"assertionResults":[{"ancestorTitles":["common parsers","byte"],"fullName":"common parsers byte reads valid byte at offset","status":"passed","title":"reads valid byte at offset","duration":3.143475999999964,"failureMessages":[],"meta":{},"tags":[]},{"ancestorTitles":["common parsers","byte"],"fullName":"common parsers byte returns 0 for out-of-bounds offset","status":"passed","title":"returns 0 for out-of-bounds offset","duration":0.2700919999999769,"failureMessages":[],"meta":{},"tags":[]},{"ancestorTitles":["common parsers","decodeGen12String"],"fullName":"common parsers decodeGen12String decodes valid string","status":"passed","title":"decodes valid string","duration":0.3251369999999838,"failureMessages":[],"meta":{},"tags":[]},{"ancestorTitles":["common parsers","decodeGen12String"],"fullName":"common parsers decodeGen12String stops at terminator 0x50","status":"passed","title":"stops at terminator 0x50","duration":0.18563499999999067,"failureMessages":[],"meta":{},"tags":[]},{"ancestorTitles":["common parsers","decodeGen12String"],"fullName":"common parsers decodeGen12String stops at terminator 0x00","status":"passed","title":"stops at terminator 0x00","duration":0.22355299999998124,"failureMessages":[],"meta":{},"tags":[]},{"ancestorTitles":["common parsers","decodeGen12String"],"fullName":"common parsers decodeGen12String stops at terminator 0xff","status":"passed","title":"stops at terminator 0xff","duration":0.29595699999998715,"failureMessages":[],"meta":{},"tags":[]},{"ancestorTitles":["common parsers","decodeGen12String"],"fullName":"common parsers decodeGen12String replaces unknown characters with ?","status":"passed","title":"replaces unknown characters with ?","duration":0.1814600000000155,"failureMessages":[],"meta":{},"tags":[]},{"ancestorTitles":["common parsers","decodeGen12String"],"fullName":"common parsers decodeGen12String trims whitespace","status":"passed","title":"trims whitespace","duration":0.3700200000000109,"failureMessages":[],"meta":{},"tags":[]},{"ancestorTitles":["common parsers","decodeGen12String"],"fullName":"common parsers decodeGen12String respects maxLength parameter","status":"passed","title":"respects maxLength parameter","duration":0.26324900000003026,"failureMessages":[],"meta":{},"tags":[]},{"ancestorTitles":["common parsers","parseDVs"],"fullName":"common parsers parseDVs parses maximum DVs (15 for all)","status":"passed","title":"parses maximum DVs (15 for all)","duration":1.5649210000000267,"failureMessages":[],"meta":{},"tags":[]},{"ancestorTitles":["common parsers","parseDVs"],"fullName":"common parsers parseDVs parses mixed DVs","status":"passed","title":"parses mixed DVs","duration":0.4182119999999827,"failureMessages":[],"meta":{},"tags":[]},{"ancestorTitles":["common parsers","parseDVs"],"fullName":"common parsers parseDVs handles empty or missing bytes","status":"passed","title":"handles empty or missing bytes","duration":0.20867800000002035,"failureMessages":[],"meta":{},"tags":[]},{"ancestorTitles":["common parsers","checkShiny"],"fullName":"common parsers checkShiny identifies shiny with Atk=2","status":"passed","title":"identifies shiny with Atk=2","duration":0.2691740000000209,"failureMessages":[],"meta":{},"tags":[]},{"ancestorTitles":["common parsers","checkShiny"],"fullName":"common parsers checkShiny identifies shiny with Atk=15","status":"passed","title":"identifies shiny with Atk=15","duration":0.15608100000002878,"failureMessages":[],"meta":{},"tags":[]},{"ancestorTitles":["common parsers","checkShiny"],"fullName":"common parsers checkShiny returns false for non-shiny Atk","status":"passed","title":"returns false for non-shiny Atk","duration":0.1395769999999743,"failureMessages":[],"meta":{},"tags":[]},{"ancestorTitles":["common parsers","checkShiny"],"fullName":"common parsers checkShiny returns false if Def is not 10","status":"passed","title":"returns false if Def is not 10","duration":0.12306200000000445,"failureMessages":[],"meta":{},"tags":[]},{"ancestorTitles":["common parsers","checkShiny"],"fullName":"common parsers checkShiny returns false if Spd is not 10","status":"passed","title":"returns false if Spd is not 10","duration":0.1169360000000097,"failureMessages":[],"meta":{},"tags":[]},{"ancestorTitles":["common parsers","checkShiny"],"fullName":"common parsers checkShiny returns false if Spc is not 10","status":"passed","title":"returns false if Spc is not 10","duration":0.12387700000004997,"failureMessages":[],"meta":{},"tags":[]}],"startTime":1776585797123,"endTime":1776585797133.1238,"status":"passed","message":"","name":"/app/src/engine/saveParser/parsers/common.test.ts"},{"assertionResults":[{"ancestorTitles":["gen1 parsers","detectGen1GameVersion"],"fullName":"gen1 parsers detectGen1GameVersion should detect 'yellow version by starters'","status":"passed","title":"should detect 'yellow version by starters'","duration":3.466783000000021,"failureMessages":[],"meta":{},"tags":[]},{"ancestorTitles":["gen1 parsers","detectGen1GameVersion"],"fullName":"gen1 parsers detectGen1GameVersion should detect 'yellow version by pikachu markers'","status":"passed","title":"should detect 'yellow version by pikachu markers'","duration":0.3609129999999823,"failureMessages":[],"meta":{},"tags":[]},{"ancestorTitles":["gen1 parsers","detectGen1GameVersion"],"fullName":"gen1 parsers detectGen1GameVersion should detect 'red version by exclusives'","status":"passed","title":"should detect 'red version by exclusives'","duration":0.462032000000022,"failureMessages":[],"meta":{},"tags":[]},{"ancestorTitles":["gen1 parsers","detectGen1GameVersion"],"fullName":"gen1 parsers detectGen1GameVersion should detect 'blue version by exclusives'","status":"passed","title":"should detect 'blue version by exclusives'","duration":0.2967429999999922,"failureMessages":[],"meta":{},"tags":[]},{"ancestorTitles":["gen1 parsers","detectGen1GameVersion"],"fullName":"gen1 parsers detectGen1GameVersion should detect 'red by trade checks'","status":"passed","title":"should detect 'red by trade checks'","duration":0.24115699999998697,"failureMessages":[],"meta":{},"tags":[]},{"ancestorTitles":["gen1 parsers","detectGen1GameVersion"],"fullName":"gen1 parsers detectGen1GameVersion should detect 'completely ambiguous'","status":"passed","title":"should detect 'completely ambiguous'","duration":0.16358499999995502,"failureMessages":[],"meta":{},"tags":[]},{"ancestorTitles":["gen1 parsers","isGen1Save"],"fullName":"gen1 parsers isGen1Save should return false for 'invalid party count'","status":"passed","title":"should return false for 'invalid party count'","duration":0.4251480000000356,"failureMessages":[],"meta":{},"tags":[]},{"ancestorTitles":["gen1 parsers","isGen1Save"],"fullName":"gen1 parsers isGen1Save should return false for 'missing party terminator'","status":"passed","title":"should return false for 'missing party terminator'","duration":0.3629989999999452,"failureMessages":[],"meta":{},"tags":[]},{"ancestorTitles":["gen1 parsers","isGen1Save"],"fullName":"gen1 parsers isGen1Save should return false for 'invalid species id 0'","status":"passed","title":"should return false for 'invalid species id 0'","duration":0.343529999999987,"failureMessages":[],"meta":{},"tags":[]},{"ancestorTitles":["gen1 parsers","isGen1Save"],"fullName":"gen1 parsers isGen1Save should return false for 'invalid species id 255'","status":"passed","title":"should return false for 'invalid species id 255'","duration":0.1516770000000065,"failureMessages":[],"meta":{},"tags":[]},{"ancestorTitles":["gen1 parsers","isGen1Save"],"fullName":"gen1 parsers isGen1Save should return true for 'valid save'","status":"passed","title":"should return true for 'valid save'","duration":0.16172399999999243,"failureMessages":[],"meta":{},"tags":[]}],"startTime":1776585797575,"endTime":1776585797582.1616,"status":"passed","message":"","name":"/app/src/engine/saveParser/parsers/gen1.test.ts"},{"assertionResults":[{"ancestorTitles":["gen2 parsers","detectGen2GameVersion"],"fullName":"gen2 parsers detectGen2GameVersion should detect 'gold' version","status":"passed","title":"should detect 'gold' version","duration":4.027978000000019,"failureMessages":[],"meta":{},"tags":[]},{"ancestorTitles":["gen2 parsers","detectGen2GameVersion"],"fullName":"gen2 parsers detectGen2GameVersion should detect 'silver' version","status":"passed","title":"should detect 'silver' version","duration":0.4995559999999841,"failureMessages":[],"meta":{},"tags":[]},{"ancestorTitles":["gen2 parsers","detectGen2GameVersion"],"fullName":"gen2 parsers detectGen2GameVersion should detect 'unknown' version","status":"passed","title":"should detect 'unknown' version","duration":0.13790099999999939,"failureMessages":[],"meta":{},"tags":[]},{"ancestorTitles":["gen2 parsers","isGen2Save"],"fullName":"gen2 parsers isGen2Save should return false for invalid party count","status":"passed","title":"should return false for invalid party count","duration":0.3979929999999854,"failureMessages":[],"meta":{},"tags":[]},{"ancestorTitles":["gen2 parsers","isGen2Save"],"fullName":"gen2 parsers isGen2Save should return false for invalid terminator","status":"passed","title":"should return false for invalid terminator","duration":0.3008600000000001,"failureMessages":[],"meta":{},"tags":[]},{"ancestorTitles":["gen2 parsers","isGen2Save"],"fullName":"gen2 parsers isGen2Save should return false for invalid species id","status":"passed","title":"should return false for invalid species id","duration":0.23523099999999886,"failureMessages":[],"meta":{},"tags":[]},{"ancestorTitles":["gen2 parsers","isGen2Save"],"fullName":"gen2 parsers isGen2Save should return true for valid looking save","status":"passed","title":"should return true for valid looking save","duration":0.271300999999994,"failureMessages":[],"meta":{},"tags":[]},{"ancestorTitles":["gen2 parsers","parseCaughtData"],"fullName":"gen2 parsers parseCaughtData should return undefined if both bytes are 0","status":"passed","title":"should return undefined if both bytes are 0","duration":0.4004799999999591,"failureMessages":[],"meta":{},"tags":[]},{"ancestorTitles":["gen2 parsers","parseCaughtData"],"fullName":"gen2 parsers parseCaughtData should parse time correctly","status":"passed","title":"should parse time correctly","duration":2.168777000000034,"failureMessages":[],"meta":{},"tags":[]},{"ancestorTitles":["gen2 parsers","parseCaughtData"],"fullName":"gen2 parsers parseCaughtData should parse location correctly","status":"passed","title":"should parse location correctly","duration":0.38012800000001334,"failureMessages":[],"meta":{},"tags":[]},{"ancestorTitles":["gen2 parsers","parseGen2"],"fullName":"gen2 parsers parseGen2 should parse GS party","status":"passed","title":"should parse GS party","duration":2.7046399999999835,"failureMessages":[],"meta":{},"tags":[]},{"ancestorTitles":["gen2 parsers","parseGen2"],"fullName":"gen2 parsers parseGen2 should detect Crystal and parse","status":"passed","title":"should detect Crystal and parse","duration":0.5042179999999803,"failureMessages":[],"meta":{},"tags":[]},{"ancestorTitles":["gen2 parsers","parseGen2"],"fullName":"gen2 parsers parseGen2 should fall back to gold if unknown GS","status":"passed","title":"should fall back to gold if unknown GS","duration":0.2826860000000124,"failureMessages":[],"meta":{},"tags":[]}],"startTime":1776585796521,"endTime":1776585796534.2827,"status":"passed","message":"","name":"/app/src/engine/saveParser/parsers/gen2.test.ts"},{"assertionResults":[{"ancestorTitles":["gen2 daycare parsing"],"fullName":"gen2 daycare parsing should parse GS daycare with 1 pokemon and no egg","status":"passed","title":"should parse GS daycare with 1 pokemon and no egg","duration":8.90891099999999,"failureMessages":[],"meta":{},"tags":[]},{"ancestorTitles":["gen2 daycare parsing"],"fullName":"gen2 daycare parsing should parse GS daycare with 2 pokemon and an egg","status":"passed","title":"should parse GS daycare with 2 pokemon and an egg","duration":1.18972100000002,"failureMessages":[],"meta":{},"tags":[]},{"ancestorTitles":["gen2 daycare parsing"],"fullName":"gen2 daycare parsing should parse Crystal daycare with 1 pokemon and no egg","status":"passed","title":"should parse Crystal daycare with 1 pokemon and no egg","duration":0.806336999999985,"failureMessages":[],"meta":{},"tags":[]},{"ancestorTitles":["gen2 daycare parsing"],"fullName":"gen2 daycare parsing should parse Crystal daycare with 2 pokemon and an egg","status":"passed","title":"should parse Crystal daycare with 2 pokemon and an egg","duration":0.5005889999999908,"failureMessages":[],"meta":{},"tags":[]}],"startTime":1776585796817,"endTime":1776585796828.8064,"status":"passed","message":"","name":"/app/src/engine/saveParser/parsers/gen2_daycare.test.ts"},{"assertionResults":[{"ancestorTitles":["Real Save Fixtures Verification"],"fullName":"Real Save Fixtures Verification should parse generic bounds for 'gold.sav'","status":"passed","title":"should parse generic bounds for 'gold.sav'","duration":6.7905660000000125,"failureMessages":[],"meta":{},"tags":[]},{"ancestorTitles":["Real Save Fixtures Verification"],"fullName":"Real Save Fixtures Verification should parse generic bounds for 'crystal.sav'","status":"passed","title":"should parse generic bounds for 'crystal.sav'","duration":1.4293210000000158,"failureMessages":[],"meta":{},"tags":[]},{"ancestorTitles":["Real Save Fixtures Verification"],"fullName":"Real Save Fixtures Verification should parse generic bounds for 'blue.sav'","status":"passed","title":"should parse generic bounds for 'blue.sav'","duration":2.599137999999982,"failureMessages":[],"meta":{},"tags":[]},{"ancestorTitles":["Real Save Fixtures Verification"],"fullName":"Real Save Fixtures Verification should parse generic bounds for 'yellow.sav'","status":"passed","title":"should parse generic bounds for 'yellow.sav'","duration":1.7228440000000091,"failureMessages":[],"meta":{},"tags":[]},{"ancestorTitles":["Real Save Fixtures Verification"],"fullName":"Real Save Fixtures Verification should parse generic bounds for 'yellow-2026-03-30.sav'","status":"passed","title":"should parse generic bounds for 'yellow-2026-03-30.sav'","duration":2.136385999999959,"failureMessages":[],"meta":{},"tags":[]}],"startTime":1776585796210,"endTime":1776585796224.1365,"status":"passed","message":"","name":"/app/src/engine/saveParser/parsers/saveFixtures.test.ts"}],"coverageMap":{"/app/src/db/DexDataLoader.ts":{"path":"/app/src/db/DexDataLoader.ts","statementMap":{"0":{"start":{"line":8,"column":29},"end":{"line":73,"column":null}},"1":{"start":{"line":11,"column":6},"end":{"line":11,"column":null}},"2":{"start":{"line":18,"column":25},"end":{"line":18,"column":85}},"3":{"start":{"line":18,"column":59},"end":{"line":18,"column":83}},"4":{"start":{"line":19,"column":6},"end":{"line":19,"column":null}},"5":{"start":{"line":19,"column":44},"end":{"line":19,"column":102}},"6":{"start":{"line":32,"column":20},"end":{"line":32,"column":56}},"7":{"start":{"line":33,"column":4},"end":{"line":33,"column":null}},"8":{"start":{"line":33,"column":46},"end":{"line":33,"column":null}},"9":{"start":{"line":35,"column":23},"end":{"line":35,"column":62}},"10":{"start":{"line":38,"column":44},"end":{"line":38,"column":46}},"11":{"start":{"line":40,"column":4},"end":{"line":40,"column":null}},"12":{"start":{"line":42,"column":4},"end":{"line":43,"column":null}},"13":{"start":{"line":43,"column":6},"end":{"line":43,"column":null}},"14":{"start":{"line":46,"column":10},"end":{"line":48,"column":null}},"15":{"start":{"line":47,"column":6},"end":{"line":47,"column":null}},"16":{"start":{"line":48,"column":6},"end":{"line":48,"column":null}},"17":{"start":{"line":50,"column":4},"end":{"line":50,"column":null}},"18":{"start":{"line":52,"column":16},"end":{"line":54,"column":18}},"19":{"start":{"line":53,"column":25},"end":{"line":53,"column":55}},"20":{"start":{"line":55,"column":25},"end":{"line":55,"column":91}},"21":{"start":{"line":55,"column":59},"end":{"line":55,"column":89}},"22":{"start":{"line":56,"column":4},"end":{"line":57,"column":null}},"23":{"start":{"line":57,"column":6},"end":{"line":57,"column":null}},"24":{"start":{"line":57,"column":38},"end":{"line":57,"column":null}},"25":{"start":{"line":61,"column":20},"end":{"line":62,"column":null}},"26":{"start":{"line":62,"column":97},"end":{"line":62,"column":103}},"27":{"start":{"line":64,"column":22},"end":{"line":64,"column":56}},"28":{"start":{"line":66,"column":4},"end":{"line":71,"column":null}}},"fnMap":{"0":{"name":"(anonymous_0)","decl":{"start":{"line":10,"column":4},"end":{"line":10,"column":11}},"loc":{"start":{"line":10,"column":19},"end":{"line":13,"column":6}},"line":10},"1":{"name":"(anonymous_1)","decl":{"start":{"line":17,"column":4},"end":{"line":17,"column":11}},"loc":{"start":{"line":17,"column":19},"end":{"line":21,"column":6}},"line":17},"2":{"name":"(anonymous_2)","decl":{"start":{"line":18,"column":47},"end":{"line":18,"column":52}},"loc":{"start":{"line":18,"column":59},"end":{"line":18,"column":83}},"line":18},"3":{"name":"(anonymous_3)","decl":{"start":{"line":19,"column":24},"end":{"line":19,"column":29}},"loc":{"start":{"line":19,"column":44},"end":{"line":19,"column":102}},"line":19},"4":{"name":"(anonymous_4)","decl":{"start":{"line":24,"column":21},"end":{"line":24,"column":null}},"loc":{"start":{"line":31,"column":8},"end":{"line":71,"column":null}},"line":31},"5":{"name":"(anonymous_5)","decl":{"start":{"line":46,"column":10},"end":{"line":46,"column":22}},"loc":{"start":{"line":46,"column":49},"end":{"line":48,"column":null}},"line":46},"6":{"name":"(anonymous_6)","decl":{"start":{"line":53,"column":7},"end":{"line":53,"column":15}},"loc":{"start":{"line":53,"column":25},"end":{"line":53,"column":55}},"line":53},"7":{"name":"(anonymous_7)","decl":{"start":{"line":55,"column":47},"end":{"line":55,"column":52}},"loc":{"start":{"line":55,"column":59},"end":{"line":55,"column":89}},"line":55},"8":{"name":"(anonymous_8)","decl":{"start":{"line":62,"column":86},"end":{"line":62,"column":91}},"loc":{"start":{"line":62,"column":97},"end":{"line":62,"column":103}},"line":62}},"branchMap":{"0":{"loc":{"start":{"line":19,"column":44},"end":{"line":19,"column":102}},"type":"binary-expr","locations":[{"start":{"line":19,"column":44},"end":{"line":19,"column":51}},{"start":{"line":19,"column":51},"end":{"line":19,"column":102}}],"line":19},"1":{"loc":{"start":{"line":33,"column":4},"end":{"line":33,"column":null}},"type":"if","locations":[{"start":{"line":33,"column":4},"end":{"line":33,"column":null}},{"start":{},"end":{}}],"line":33},"2":{"loc":{"start":{"line":33,"column":8},"end":{"line":33,"column":46}},"type":"binary-expr","locations":[{"start":{"line":33,"column":8},"end":{"line":33,"column":20}},{"start":{"line":33,"column":20},"end":{"line":33,"column":46}}],"line":33},"3":{"loc":{"start":{"line":57,"column":6},"end":{"line":57,"column":null}},"type":"if","locations":[{"start":{"line":57,"column":6},"end":{"line":57,"column":null}},{"start":{},"end":{}}],"line":57},"4":{"loc":{"start":{"line":57,"column":10},"end":{"line":57,"column":38}},"type":"binary-expr","locations":[{"start":{"line":57,"column":10},"end":{"line":57,"column":15}},{"start":{"line":57,"column":15},"end":{"line":57,"column":38}}],"line":57},"5":{"loc":{"start":{"line":62,"column":18},"end":{"line":62,"column":84}},"type":"cond-expr","locations":[{"start":{"line":62,"column":65},"end":{"line":62,"column":82}},{"start":{"line":62,"column":82},"end":{"line":62,"column":84}}],"line":62},"6":{"loc":{"start":{"line":62,"column":18},"end":{"line":62,"column":65}},"type":"binary-expr","locations":[{"start":{"line":62,"column":18},"end":{"line":62,"column":32}},{"start":{"line":62,"column":32},"end":{"line":62,"column":65}}],"line":62},"7":{"loc":{"start":{"line":68,"column":11},"end":{"line":68,"column":77}},"type":"cond-expr","locations":[{"start":{"line":68,"column":58},"end":{"line":68,"column":75}},{"start":{"line":68,"column":75},"end":{"line":68,"column":77}}],"line":68},"8":{"loc":{"start":{"line":68,"column":11},"end":{"line":68,"column":58}},"type":"binary-expr","locations":[{"start":{"line":68,"column":11},"end":{"line":68,"column":25}},{"start":{"line":68,"column":25},"end":{"line":68,"column":58}}],"line":68}},"s":{"0":6,"1":3,"2":1,"3":1,"4":1,"5":1,"6":1,"7":1,"8":0,"9":1,"10":1,"11":1,"12":1,"13":0,"14":1,"15":0,"16":0,"17":1,"18":1,"19":1,"20":1,"21":0,"22":1,"23":0,"24":0,"25":1,"26":1,"27":1,"28":1},"f":{"0":3,"1":1,"2":1,"3":1,"4":1,"5":0,"6":1,"7":0,"8":1},"b":{"0":[1,0],"1":[0,1],"2":[1,1],"3":[0,0],"4":[0,0],"5":[1,0],"6":[1,1],"7":[1,0],"8":[1,1]},"meta":{"lastBranch":9,"lastFunction":9,"lastStatement":29,"seen":{"s:8:29:73:Infinity":0,"f:10:4:10:11":0,"s:11:6:11:Infinity":1,"f:17:4:17:11":1,"s:18:25:18:85":2,"f:18:47:18:52":2,"s:18:59:18:83":3,"s:19:6:19:Infinity":4,"f:19:24:19:29":3,"s:19:44:19:102":5,"b:19:44:19:51:19:51:19:102":0,"f:24:21:24:Infinity":4,"s:32:20:32:56":6,"b:33:4:33:Infinity:undefined:undefined:undefined:undefined":1,"s:33:4:33:Infinity":7,"b:33:8:33:20:33:20:33:46":2,"s:33:46:33:Infinity":8,"s:35:23:35:62":9,"s:38:44:38:46":10,"s:40:4:40:Infinity":11,"s:42:4:43:Infinity":12,"s:43:6:43:Infinity":13,"s:46:10:48:Infinity":14,"f:46:10:46:22":5,"s:47:6:47:Infinity":15,"s:48:6:48:Infinity":16,"s:50:4:50:Infinity":17,"s:52:16:54:18":18,"f:53:7:53:15":6,"s:53:25:53:55":19,"s:55:25:55:91":20,"f:55:47:55:52":7,"s:55:59:55:89":21,"s:56:4:57:Infinity":22,"b:57:6:57:Infinity:undefined:undefined:undefined:undefined":3,"s:57:6:57:Infinity":23,"b:57:10:57:15:57:15:57:38":4,"s:57:38:57:Infinity":24,"s:61:20:62:Infinity":25,"b:62:65:62:82:62:82:62:84":5,"b:62:18:62:32:62:32:62:65":6,"f:62:86:62:91":8,"s:62:97:62:103":26,"s:64:22:64:56":27,"s:66:4:71:Infinity":28,"b:68:58:68:75:68:75:68:77":7,"b:68:11:68:25:68:25:68:58":8}}},"/app/src/db/schema.ts":{"path":"/app/src/db/schema.ts","statementMap":{"0":{"start":{"line":8,"column":25},"end":{"line":17,"column":null}},"1":{"start":{"line":19,"column":28},"end":{"line":26,"column":null}},"2":{"start":{"line":28,"column":56},"end":{"line":35,"column":null}},"3":{"start":{"line":37,"column":59},"end":{"line":38,"column":null}},"4":{"start":{"line":38,"column":51},"end":{"line":38,"column":57}},"5":{"start":{"line":41,"column":32},"end":{"line":50,"column":null}},"6":{"start":{"line":52,"column":60},"end":{"line":61,"column":null}},"7":{"start":{"line":63,"column":58},"end":{"line":64,"column":null}},"8":{"start":{"line":64,"column":55},"end":{"line":64,"column":61}},"9":{"start":{"line":67,"column":27},"end":{"line":72,"column":null}},"10":{"start":{"line":74,"column":55},"end":{"line":79,"column":null}},"11":{"start":{"line":81,"column":48},"end":{"line":92,"column":null}}},"fnMap":{"0":{"name":"(anonymous_0)","decl":{"start":{"line":38,"column":35},"end":{"line":38,"column":40}},"loc":{"start":{"line":38,"column":51},"end":{"line":38,"column":57}},"line":38},"1":{"name":"(anonymous_1)","decl":{"start":{"line":64,"column":39},"end":{"line":64,"column":44}},"loc":{"start":{"line":64,"column":55},"end":{"line":64,"column":61}},"line":64}},"branchMap":{},"s":{"0":6,"1":6,"2":6,"3":6,"4":36,"5":6,"6":6,"7":6,"8":48,"9":6,"10":6,"11":6},"f":{"0":36,"1":48},"b":{},"meta":{"lastBranch":0,"lastFunction":2,"lastStatement":12,"seen":{"s:8:25:17:Infinity":0,"s:19:28:26:Infinity":1,"s:28:56:35:Infinity":2,"s:37:59:38:Infinity":3,"f:38:35:38:40":0,"s:38:51:38:57":4,"s:41:32:50:Infinity":5,"s:52:60:61:Infinity":6,"s:63:58:64:Infinity":7,"f:64:39:64:44":1,"s:64:55:64:61":8,"s:67:27:72:Infinity":9,"s:74:55:79:Infinity":10,"s:81:48:92:Infinity":11}}},"/app/src/engine/assistant/strategies/gen1Strategy.ts":{"path":"/app/src/engine/assistant/strategies/gen1Strategy.ts","statementMap":{"0":{"start":{"line":8,"column":47},"end":{"line":65,"column":null}},"1":{"start":{"line":12,"column":18},"end":{"line":12,"column":null}},"2":{"start":{"line":15,"column":16},"end":{"line":15,"column":56}},"3":{"start":{"line":15,"column":41},"end":{"line":15,"column":56}},"4":{"start":{"line":16,"column":4},"end":{"line":16,"column":null}},"5":{"start":{"line":16,"column":14},"end":{"line":16,"column":null}},"6":{"start":{"line":19,"column":4},"end":{"line":21,"column":null}},"7":{"start":{"line":20,"column":21},"end":{"line":20,"column":64}},"8":{"start":{"line":20,"column":46},"end":{"line":20,"column":64}},"9":{"start":{"line":21,"column":6},"end":{"line":21,"column":null}},"10":{"start":{"line":21,"column":18},"end":{"line":21,"column":null}},"11":{"start":{"line":24,"column":4},"end":{"line":24,"column":null}},"12":{"start":{"line":28,"column":4},"end":{"line":28,"column":null}},"13":{"start":{"line":32,"column":4},"end":{"line":32,"column":null}},"14":{"start":{"line":36,"column":38},"end":{"line":36,"column":40}},"15":{"start":{"line":37,"column":10},"end":{"line":37,"column":44}},"16":{"start":{"line":40,"column":4},"end":{"line":48,"column":null}},"17":{"start":{"line":41,"column":6},"end":{"line":48,"column":null}},"18":{"start":{"line":52,"column":4},"end":{"line":52,"column":null}},"19":{"start":{"line":57,"column":4},"end":{"line":57,"column":null}},"20":{"start":{"line":63,"column":4},"end":{"line":63,"column":null}}},"fnMap":{"0":{"name":"(anonymous_0)","decl":{"start":{"line":11,"column":2},"end":{"line":11,"column":16}},"loc":{"start":{"line":11,"column":84},"end":{"line":24,"column":null}},"line":11},"1":{"name":"(anonymous_1)","decl":{"start":{"line":15,"column":29},"end":{"line":15,"column":35}},"loc":{"start":{"line":15,"column":41},"end":{"line":15,"column":56}},"line":15},"2":{"name":"(anonymous_2)","decl":{"start":{"line":20,"column":34},"end":{"line":20,"column":40}},"loc":{"start":{"line":20,"column":46},"end":{"line":20,"column":64}},"line":20},"3":{"name":"(anonymous_3)","decl":{"start":{"line":27,"column":2},"end":{"line":27,"column":17}},"loc":{"start":{"line":27,"column":91},"end":{"line":28,"column":null}},"line":27},"4":{"name":"(anonymous_4)","decl":{"start":{"line":31,"column":2},"end":{"line":31,"column":24}},"loc":{"start":{"line":31,"column":103},"end":{"line":32,"column":null}},"line":31},"5":{"name":"(anonymous_5)","decl":{"start":{"line":35,"column":2},"end":{"line":35,"column":24}},"loc":{"start":{"line":35,"column":81},"end":{"line":57,"column":null}},"line":35},"6":{"name":"(anonymous_6)","decl":{"start":{"line":60,"column":2},"end":{"line":60,"column":25}},"loc":{"start":{"line":60,"column":69},"end":{"line":63,"column":null}},"line":60}},"branchMap":{"0":{"loc":{"start":{"line":16,"column":4},"end":{"line":16,"column":null}},"type":"if","locations":[{"start":{"line":16,"column":4},"end":{"line":16,"column":null}},{"start":{},"end":{}}],"line":16},"1":{"loc":{"start":{"line":19,"column":4},"end":{"line":21,"column":null}},"type":"if","locations":[{"start":{"line":19,"column":4},"end":{"line":21,"column":null}},{"start":{},"end":{}}],"line":19},"2":{"loc":{"start":{"line":21,"column":6},"end":{"line":21,"column":null}},"type":"if","locations":[{"start":{"line":21,"column":6},"end":{"line":21,"column":null}},{"start":{},"end":{}}],"line":21},"3":{"loc":{"start":{"line":40,"column":4},"end":{"line":48,"column":null}},"type":"if","locations":[{"start":{"line":40,"column":4},"end":{"line":48,"column":null}},{"start":{},"end":{}}],"line":40},"4":{"loc":{"start":{"line":52,"column":4},"end":{"line":52,"column":null}},"type":"if","locations":[{"start":{"line":52,"column":4},"end":{"line":52,"column":null}},{"start":{},"end":{}}],"line":52},"5":{"loc":{"start":{"line":52,"column":8},"end":{"line":52,"column":66}},"type":"binary-expr","locations":[{"start":{"line":52,"column":8},"end":{"line":52,"column":42}},{"start":{"line":52,"column":42},"end":{"line":52,"column":66}}],"line":52}},"s":{"0":6,"1":4,"2":4,"3":8,"4":4,"5":1,"6":3,"7":1,"8":1,"9":1,"10":1,"11":2,"12":3,"13":2,"14":12,"15":12,"16":12,"17":1,"18":12,"19":12,"20":0},"f":{"0":4,"1":8,"2":1,"3":3,"4":2,"5":12,"6":0},"b":{"0":[1,3],"1":[1,2],"2":[1,0],"3":[1,11],"4":[6,6],"5":[12,6]},"meta":{"lastBranch":6,"lastFunction":7,"lastStatement":21,"seen":{"s:8:47:65:Infinity":0,"f:11:2:11:16":0,"s:12:18:12:Infinity":1,"s:15:16:15:56":2,"f:15:29:15:35":1,"s:15:41:15:56":3,"b:16:4:16:Infinity:undefined:undefined:undefined:undefined":0,"s:16:4:16:Infinity":4,"s:16:14:16:Infinity":5,"b:19:4:21:Infinity:undefined:undefined:undefined:undefined":1,"s:19:4:21:Infinity":6,"s:20:21:20:64":7,"f:20:34:20:40":2,"s:20:46:20:64":8,"b:21:6:21:Infinity:undefined:undefined:undefined:undefined":2,"s:21:6:21:Infinity":9,"s:21:18:21:Infinity":10,"s:24:4:24:Infinity":11,"f:27:2:27:17":3,"s:28:4:28:Infinity":12,"f:31:2:31:24":4,"s:32:4:32:Infinity":13,"f:35:2:35:24":5,"s:36:38:36:40":14,"s:37:10:37:44":15,"b:40:4:48:Infinity:undefined:undefined:undefined:undefined":3,"s:40:4:48:Infinity":16,"s:41:6:48:Infinity":17,"b:52:4:52:Infinity:undefined:undefined:undefined:undefined":4,"s:52:4:52:Infinity":18,"b:52:8:52:42:52:42:52:66":5,"s:57:4:57:Infinity":19,"f:60:2:60:25":6,"s:63:4:63:Infinity":20}}},"/app/src/db/PokeDB.ts":{"path":"/app/src/db/PokeDB.ts","statementMap":{"0":{"start":{"line":12,"column":60},"end":{"line":12,"column":null}},"1":{"start":{"line":13,"column":40},"end":{"line":13,"column":null}},"2":{"start":{"line":15,"column":33},"end":{"line":21,"column":null}},"3":{"start":{"line":23,"column":27},"end":{"line":26,"column":null}},"4":{"start":{"line":28,"column":33},"end":{"line":29,"column":null}},"5":{"start":{"line":32,"column":25},"end":{"line":36,"column":null}},"6":{"start":{"line":38,"column":13},"end":{"line":67,"column":null}},"7":{"start":{"line":39,"column":2},"end":{"line":65,"column":null}},"8":{"start":{"line":40,"column":4},"end":{"line":65,"column":null}},"9":{"start":{"line":67,"column":2},"end":{"line":67,"column":null}},"10":{"start":{"line":70,"column":24},"end":{"line":184,"column":null}},"11":{"start":{"line":71,"column":2},"end":{"line":72,"column":null}},"12":{"start":{"line":72,"column":4},"end":{"line":72,"column":null}},"13":{"start":{"line":75,"column":2},"end":{"line":182,"column":null}},"14":{"start":{"line":76,"column":4},"end":{"line":180,"column":null}},"15":{"start":{"line":77,"column":17},"end":{"line":77,"column":30}},"16":{"start":{"line":80,"column":27},"end":{"line":80,"column":74}},"17":{"start":{"line":83,"column":6},"end":{"line":84,"column":null}},"18":{"start":{"line":84,"column":8},"end":{"line":84,"column":null}},"19":{"start":{"line":88,"column":22},"end":{"line":88,"column":null}},"20":{"start":{"line":89,"column":23},"end":{"line":89,"column":66}},"21":{"start":{"line":90,"column":6},"end":{"line":91,"column":null}},"22":{"start":{"line":91,"column":8},"end":{"line":91,"column":null}},"23":{"start":{"line":93,"column":35},"end":{"line":93,"column":56}},"24":{"start":{"line":96,"column":6},"end":{"line":99,"column":null}},"25":{"start":{"line":98,"column":8},"end":{"line":98,"column":null}},"26":{"start":{"line":99,"column":8},"end":{"line":99,"column":null}},"27":{"start":{"line":102,"column":12},"end":{"line":108,"column":null}},"28":{"start":{"line":103,"column":8},"end":{"line":108,"column":null}},"29":{"start":{"line":104,"column":10},"end":{"line":108,"column":null}},"30":{"start":{"line":112,"column":17},"end":{"line":114,"column":null}},"31":{"start":{"line":118,"column":21},"end":{"line":118,"column":61}},"32":{"start":{"line":119,"column":21},"end":{"line":119,"column":64}},"33":{"start":{"line":120,"column":21},"end":{"line":120,"column":63}},"34":{"start":{"line":121,"column":21},"end":{"line":121,"column":62}},"35":{"start":{"line":124,"column":6},"end":{"line":124,"column":null}},"36":{"start":{"line":126,"column":6},"end":{"line":126,"column":null}},"37":{"start":{"line":127,"column":12},"end":{"line":135,"column":null}},"38":{"start":{"line":128,"column":8},"end":{"line":135,"column":null}},"39":{"start":{"line":128,"column":41},"end":{"line":135,"column":11}},"40":{"start":{"line":130,"column":41},"end":{"line":133,"column":13}},"41":{"start":{"line":138,"column":6},"end":{"line":149,"column":null}},"42":{"start":{"line":139,"column":14},"end":{"line":142,"column":11}},"43":{"start":{"line":139,"column":54},"end":{"line":142,"column":11}},"44":{"start":{"line":144,"column":8},"end":{"line":149,"column":null}},"45":{"start":{"line":152,"column":6},"end":{"line":152,"column":null}},"46":{"start":{"line":153,"column":6},"end":{"line":162,"column":null}},"47":{"start":{"line":154,"column":28},"end":{"line":161,"column":11}},"48":{"start":{"line":154,"column":48},"end":{"line":161,"column":11}},"49":{"start":{"line":156,"column":39},"end":{"line":160,"column":null}},"50":{"start":{"line":162,"column":8},"end":{"line":162,"column":null}},"51":{"start":{"line":165,"column":6},"end":{"line":165,"column":null}},"52":{"start":{"line":166,"column":6},"end":{"line":171,"column":null}},"53":{"start":{"line":167,"column":8},"end":{"line":171,"column":null}},"54":{"start":{"line":174,"column":6},"end":{"line":174,"column":null}},"55":{"start":{"line":175,"column":6},"end":{"line":175,"column":null}},"56":{"start":{"line":177,"column":6},"end":{"line":177,"column":null}},"57":{"start":{"line":179,"column":6},"end":{"line":179,"column":null}},"58":{"start":{"line":180,"column":6},"end":{"line":180,"column":null}},"59":{"start":{"line":184,"column":2},"end":{"line":184,"column":null}},"60":{"start":{"line":187,"column":22},"end":{"line":292,"column":null}},"61":{"start":{"line":190,"column":4},"end":{"line":190,"column":null}},"62":{"start":{"line":190,"column":21},"end":{"line":190,"column":null}},"63":{"start":{"line":191,"column":15},"end":{"line":191,"column":28}},"64":{"start":{"line":192,"column":18},"end":{"line":192,"column":65}},"65":{"start":{"line":193,"column":17},"end":{"line":193,"column":null}},"66":{"start":{"line":194,"column":4},"end":{"line":195,"column":null}},"67":{"start":{"line":195,"column":6},"end":{"line":195,"column":null}},"68":{"start":{"line":199,"column":15},"end":{"line":199,"column":28}},"69":{"start":{"line":200,"column":18},"end":{"line":200,"column":65}},"70":{"start":{"line":201,"column":17},"end":{"line":201,"column":null}},"71":{"start":{"line":202,"column":4},"end":{"line":205,"column":null}},"72":{"start":{"line":208,"column":4},"end":{"line":208,"column":null}},"73":{"start":{"line":209,"column":4},"end":{"line":209,"column":null}},"74":{"start":{"line":209,"column":61},"end":{"line":209,"column":null}},"75":{"start":{"line":210,"column":4},"end":{"line":210,"column":null}},"76":{"start":{"line":213,"column":4},"end":{"line":213,"column":null}},"77":{"start":{"line":214,"column":4},"end":{"line":214,"column":null}},"78":{"start":{"line":214,"column":64},"end":{"line":214,"column":null}},"79":{"start":{"line":215,"column":4},"end":{"line":215,"column":null}},"80":{"start":{"line":218,"column":4},"end":{"line":218,"column":null}},"81":{"start":{"line":219,"column":4},"end":{"line":219,"column":null}},"82":{"start":{"line":222,"column":4},"end":{"line":222,"column":null}},"83":{"start":{"line":223,"column":4},"end":{"line":223,"column":null}},"84":{"start":{"line":226,"column":4},"end":{"line":226,"column":null}},"85":{"start":{"line":227,"column":4},"end":{"line":227,"column":null}},"86":{"start":{"line":227,"column":61},"end":{"line":227,"column":null}},"87":{"start":{"line":228,"column":4},"end":{"line":228,"column":null}},"88":{"start":{"line":231,"column":4},"end":{"line":231,"column":null}},"89":{"start":{"line":232,"column":4},"end":{"line":232,"column":null}},"90":{"start":{"line":232,"column":64},"end":{"line":232,"column":null}},"91":{"start":{"line":233,"column":15},"end":{"line":233,"column":28}},"92":{"start":{"line":234,"column":16},"end":{"line":234,"column":61}},"93":{"start":{"line":235,"column":4},"end":{"line":235,"column":null}},"94":{"start":{"line":238,"column":4},"end":{"line":238,"column":null}},"95":{"start":{"line":239,"column":4},"end":{"line":239,"column":null}},"96":{"start":{"line":239,"column":64},"end":{"line":239,"column":null}},"97":{"start":{"line":240,"column":16},"end":{"line":240,"column":74}},"98":{"start":{"line":241,"column":4},"end":{"line":241,"column":null}},"99":{"start":{"line":244,"column":4},"end":{"line":244,"column":null}},"100":{"start":{"line":245,"column":4},"end":{"line":245,"column":null}},"101":{"start":{"line":248,"column":4},"end":{"line":248,"column":null}},"102":{"start":{"line":249,"column":15},"end":{"line":249,"column":28}},"103":{"start":{"line":250,"column":42},"end":{"line":250,"column":44}},"104":{"start":{"line":251,"column":22},"end":{"line":251,"column":96}},"105":{"start":{"line":251,"column":56},"end":{"line":251,"column":94}},"106":{"start":{"line":252,"column":4},"end":{"line":254,"column":null}},"107":{"start":{"line":253,"column":6},"end":{"line":254,"column":null}},"108":{"start":{"line":254,"column":8},"end":{"line":254,"column":null}},"109":{"start":{"line":257,"column":4},"end":{"line":257,"column":null}},"110":{"start":{"line":262,"column":4},"end":{"line":262,"column":null}},"111":{"start":{"line":263,"column":15},"end":{"line":263,"column":28}},"112":{"start":{"line":264,"column":21},"end":{"line":264,"column":84}},"113":{"start":{"line":264,"column":40},"end":{"line":264,"column":83}},"114":{"start":{"line":265,"column":4},"end":{"line":265,"column":null}},"115":{"start":{"line":265,"column":31},"end":{"line":265,"column":null}},"116":{"start":{"line":265,"column":52},"end":{"line":265,"column":84}},"117":{"start":{"line":267,"column":15},"end":{"line":267,"column":67}},"118":{"start":{"line":268,"column":18},"end":{"line":268,"column":58}},"119":{"start":{"line":269,"column":20},"end":{"line":269,"column":74}},"120":{"start":{"line":269,"column":59},"end":{"line":269,"column":72}},"121":{"start":{"line":270,"column":4},"end":{"line":270,"column":null}},"122":{"start":{"line":271,"column":22},"end":{"line":271,"column":56}},"123":{"start":{"line":272,"column":4},"end":{"line":273,"column":null}},"124":{"start":{"line":273,"column":6},"end":{"line":273,"column":null}},"125":{"start":{"line":273,"column":13},"end":{"line":273,"column":null}},"126":{"start":{"line":277,"column":4},"end":{"line":281,"column":null}},"127":{"start":{"line":278,"column":6},"end":{"line":278,"column":null}},"128":{"start":{"line":278,"column":54},"end":{"line":278,"column":null}},"129":{"start":{"line":279,"column":20},"end":{"line":279,"column":37}},"130":{"start":{"line":280,"column":6},"end":{"line":280,"column":null}},"131":{"start":{"line":284,"column":4},"end":{"line":284,"column":null}},"132":{"start":{"line":285,"column":4},"end":{"line":285,"column":null}},"133":{"start":{"line":290,"column":4},"end":{"line":290,"column":null}}},"fnMap":{"0":{"name":"(anonymous_0)","decl":{"start":{"line":38,"column":13},"end":{"line":38,"column":27}},"loc":{"start":{"line":38,"column":27},"end":{"line":67,"column":null}},"line":38},"1":{"name":"(anonymous_1)","decl":{"start":{"line":70,"column":24},"end":{"line":70,"column":36}},"loc":{"start":{"line":70,"column":36},"end":{"line":184,"column":null}},"line":70},"2":{"name":"(anonymous_2)","decl":{"start":{"line":75,"column":17},"end":{"line":75,"column":29}},"loc":{"start":{"line":75,"column":29},"end":{"line":182,"column":null}},"line":75},"3":{"name":"(anonymous_3)","decl":{"start":{"line
[...]
0,"48":8,"49":1,"50":7,"51":1,"52":6,"53":7,"54":7,"55":7,"56":7,"57":2,"58":5,"59":1,"60":4,"61":4,"62":4,"63":4,"64":2,"65":2,"66":9,"67":9,"68":7,"69":7,"70":7,"71":2,"72":9,"73":9,"74":9,"75":9,"76":9,"77":9,"78":9,"79":2259,"80":2259,"81":2259,"82":1,"83":2259,"84":1,"85":9,"86":9,"87":9,"88":7,"89":9,"90":9,"91":9,"92":9,"93":7,"94":7,"95":7,"96":5,"97":9,"98":9,"99":9,"100":9,"101":0,"102":9,"103":9,"104":9,"105":9,"106":0,"107":0,"108":0,"109":0,"110":9,"111":9,"112":9,"113":126,"114":9,"115":117,"116":117,"117":0,"118":117,"119":117,"120":14,"121":103,"122":103,"123":0,"124":103,"125":103,"126":103,"127":0,"128":0,"129":0,"130":0,"131":126,"132":9,"133":9,"134":9,"135":9,"136":9,"137":9,"138":18,"139":18,"140":6,"141":6,"142":6,"143":6,"144":9,"145":9,"146":9,"147":9,"148":72,"149":0,"150":72,"151":0,"152":9,"153":9,"154":5,"155":9,"156":9,"157":9,"158":9,"159":9,"160":9,"161":9,"162":9,"163":9,"164":9,"165":9,"166":0,"167":9,"168":9,"169":9,"170":9},"f":{"0":12,"1":13,"2":44,"3":8,"4":7,"5":9,"6":7,"7":0,"8":0},"b":{"0":[4,8],"1":[12,4],"2":[4,4],"3":[2,2],"4":[1,1],"5":[1,7],"6":[1,6],"7":[2,11],"8":[13,11,0],"9":[5,6],"10":[6,5],"11":[4,68],"12":[0,68],"13":[4,76],"14":[0,76],"15":[1,7],"16":[1,6],"17":[2,5],"18":[2,5],"19":[7,0],"20":[2,5],"21":[1,4],"22":[5,0],"23":[4,0],"24":[2,2],"25":[4,3],"26":[9],"27":[7,2],"28":[2,5],"29":[7,7,2],"30":[4,5],"31":[1,2258],"32":[2259,0],"33":[1,2258],"34":[2259,0],"35":[7,7],"36":[5,2],"37":[0,0],"38":[0,0],"39":[9,117],"40":[0,117],"41":[14,103],"42":[0,0],"43":[0,0],"44":[4,5],"45":[4,5],"46":[4,5],"47":[6,12],"48":[18,6],"49":[6,0],"50":[0,72],"51":[0,72],"52":[4,5],"53":[5,4],"54":[9,5],"55":[4,5],"56":[4,5],"57":[0,9]},"meta":{"lastBranch":58,"lastFunction":9,"lastStatement":171,"seen":{"f:6:16:6:32":0,"s:7:8:7:43":0,"s:8:8:8:43":1,"b:10:2:10:Infinity:undefined:undefined:undefined:undefined":0,"s:10:2:10:Infinity":2,"b:10:6:10:27:10:27:10:46":1,"s:10:46:10:Infinity":3,"s:12:8:12:Infinity":4,"s:13:22:13:Infinity":5,"s:14:19:14:Infinity":6,"s:16:54:16:Infinity":7,"b:17:2:19:Infinity:18:11:19:Infinity":2,"s:17:2:19:Infinity":8,"s:17:22:17:Infinity":9,"b:18:11:19:Infinity:19:11:19:Infinity":3,"s:18:11:19:Infinity":10,"s:18:27:18:Infinity":11,"b:19:11:19:Infinity:undefined:undefined:undefined:undefined":4,"s:19:11:19:Infinity":12,"s:19:27:19:Infinity":13,"b:22:2:25:Infinity:23:11:25:Infinity":5,"s:22:2:25:Infinity":14,"s:22:25:22:Infinity":15,"b:23:11:25:Infinity:24:7:25:Infinity":6,"s:23:11:25:Infinity":16,"s:23:30:23:Infinity":17,"s:25:4:25:Infinity":18,"s:28:2:28:Infinity":19,"f:31:16:31:Infinity":1,"s:38:8:38:36":20,"b:39:2:39:Infinity:undefined:undefined:undefined:undefined":7,"s:39:2:39:Infinity":21,"b:39:6:39:21:39:21:39:40:39:40:39:60":8,"s:39:60:39:Infinity":22,"s:41:8:41:35":23,"s:42:16:42:81":24,"f:42:61:42:69":2,"s:42:75:42:81":25,"s:43:8:43:58":26,"s:44:8:44:33":27,"s:45:8:45:42":28,"s:46:8:46:39":29,"s:47:8:47:37":30,"s:48:21:48:Infinity":31,"b:48:33:48:60:48:63:48:Infinity":9,"s:51:17:51:Infinity":32,"b:51:37:51:83:51:86:51:Infinity":10,"s:53:2:65:Infinity":33,"f:68:16:68:38":3,"s:69:25:69:Infinity":34,"s:70:27:70:Infinity":35,"s:72:18:72:Infinity":36,"s:73:20:73:Infinity":37,"s:75:2:77:Infinity":38,"b:76:4:77:Infinity:77:13:77:Infinity":11,"s:76:4:77:Infinity":39,"s:76:23:76:Infinity":40,"b:77:13:77:Infinity:undefined:undefined:undefined:undefined":12,"s:77:13:77:Infinity":41,"s:77:27:77:Infinity":42,"s:79:2:81:Infinity":43,"b:80:4:81:Infinity:81:13:81:Infinity":13,"s:80:4:81:Infinity":44,"s:80:23:80:Infinity":45,"b:81:13:81:Infinity:undefined:undefined:undefined:undefined":14,"s:81:13:81:Infinity":46,"s:81:27:81:Infinity":47,"b:84:2:84:Infinity:undefined:undefined:undefined:undefined":15,"s:84:2:84:Infinity":48,"s:84:31:84:Infinity":49,"b:85:2:85:Infinity:undefined:undefined:undefined:undefined":16,"s:85:2:85:Infinity":50,"s:85:31:85:Infinity":51,"s:87:2:87:Infinity":52,"f:90:16:90:27":4,"s:91:22:91:Infinity":53,"b:91:32:91:41:91:41:91:Infinity":17,"s:92:24:92:Infinity":54,"b:92:34:92:43:92:43:92:Infinity":18,"s:93:21:93:Infinity":55,"b:93:21:93:40:93:40:93:Infinity":19,"b:94:2:94:Infinity:undefined:undefined:undefined:undefined":20,"s:94:2:94:Infinity":56,"s:94:22:94:Infinity":57,"b:95:2:95:Infinity:undefined:undefined:undefined:undefined":21,"s:95:2:95:Infinity":58,"b:95:7:95:41:95:41:95:48":22,"s:95:54:95:Infinity":59,"s:96:2:98:Infinity":60,"s:96:15:96:18":61,"s:97:15:97:Infinity":62,"b:97:15:97:40:97:40:97:Infinity":23,"b:98:4:98:Infinity:undefined:undefined:undefined:undefined":24,"s:98:4:98:Infinity":63,"b:98:8:98:20:98:20:98:30":25,"s:98:30:98:Infinity":64,"s:100:2:100:Infinity":65,"f:103:16:103:26":5,"b:103:57:103:74":26,"s:104:18:104:Infinity":66,"b:105:2:109:Infinity:undefined:undefined:undefined:undefined":27,"s:105:2:109:Infinity":67,"s:106:10:106:41":68,"s:107:10:107:40":69,"b:108:4:109:Infinity:undefined:undefined:undefined:undefined":28,"s:108:4:109:Infinity":70,"b:108:8:108:28:108:28:108:47:108:47:108:65":29,"s:109:6:109:Infinity":71,"s:113:18:131:Infinity":72,"b:114:6:122:Infinity:123:6:131:Infinity":30,"s:133:21:133:64":73,"s:134:20:134:61":74,"s:136:16:136:33":75,"s:137:15:137:32":76,"s:139:2:147:Infinity":77,"s:139:19:139:22":78,"s:140:20:140:47":79,"s:141:10:141:Infinity":80,"b:143:4:144:Infinity:undefined:undefined:undefined:undefined":31,"s:143:4:144:Infinity":81,"b:143:10:143:33:143:33:143:39":32,"s:144:6:144:Infinity":82,"b:146:4:147:Infinity:undefined:undefined:undefined:undefined":33,"s:146:4:147:Infinity":83,"b:146:10:146:32:146:32:146:38":34,"s:147:6:147:Infinity":84,"s:151:8:151:49":85,"s:152:23:152:88":86,"s:153:16:153:76":87,"f:153:41:153:49":6,"s:153:56:153:76":88,"b:153:56:153:66:153:66:153:76":35,"s:155:42:155:44":89,"s:156:26:156:Infinity":90,"s:157:2:161:Infinity":91,"s:157:15:157:18":92,"s:158:19:158:Infinity":93,"s:159:14:159:77":94,"b:160:4:161:Infinity:undefined:undefined:undefined:undefined":36,"s:160:4:161:Infinity":95,"s:161:6:161:Infinity":96,"s:165:8:165:Infinity":97,"s:166:8:166:59":98,"s:167:28:167:108":99,"s:168:13:168:78":100,"f:168:43:168:51":7,"s:168:58:168:78":101,"b:168:58:168:68:168:68:168:78":37,"s:170:39:170:41":102,"s:171:31:171:Infinity":103,"s:172:2:176:Infinity":104,"s:172:15:172:18":105,"s:173:19:173:Infinity":106,"s:174:14:174:96":107,"b:175:4:176:Infinity:undefined:undefined:undefined:undefined":38,"s:175:4:176:Infinity":108,"s:176:6:176:Infinity":109,"s:180:21:195:Infinity":110,"s:197:2:211:Infinity":111,"s:197:15:197:18":112,"b:198:4:198:Infinity:undefined:undefined:undefined:undefined":39,"s:198:4:198:Infinity":113,"s:198:29:198:Infinity":114,"s:199:19:199:Infinity":115,"b:200:4:200:Infinity:undefined:undefined:undefined:undefined":40,"s:200:4:200:Infinity":116,"s:200:30:200:Infinity":117,"s:201:10:201:34":118,"b:202:4:202:Infinity:undefined:undefined:undefined:undefined":41,"s:202:4:202:Infinity":119,"s:202:20:202:Infinity":120,"s:203:20:203:60":121,"s:204:4:204:Infinity":122,"f:204:35:204:43":8,"s:204:50:204:70":123,"b:204:50:204:60:204:60:204:70":42,"s:206:26:206:Infinity":124,"s:207:4:211:Infinity":125,"s:207:17:207:20":126,"s:208:19:208:Infinity":127,"s:209:16:209:84":128,"b:210:6:211:Infinity:undefined:undefined:undefined:undefined":43,"s:210:6:211:Infinity":129,"s:211:8:211:Infinity":130,"s:216:28:216:Infinity":131,"b:216:40:216:49:216:49:216:Infinity":44,"s:217:28:217:Infinity":132,"b:217:40:217:49:217:49:217:Infinity":45,"s:220:25:220:Infinity":133,"b:220:37:220:46:220:46:220:Infinity":46,"s:221:25:221:Infinity":134,"s:222:27:222:Infinity":135,"s:224:37:224:39":136,"s:226:2:232:Infinity":137,"s:227:10:227:38":138,"b:228:4:232:Infinity:undefined:undefined:undefined:undefined":47,"s:228:4:232:Infinity":139,"b:228:8:228:27:228:27:228:47":48,"s:229:16:229:74":140,"b:230:6:232:Infinity:undefined:undefined:undefined:undefined":49,"s:230:6:232:Infinity":141,"s:231:8:231:Infinity":142,"s:232:8:232:Infinity":143,"s:237:8:237:Infinity":144,"s:239:15:239:Infinity":145,"s:240:2:242:Infinity":146,"s:240:15:240:18":147,"b:241:4:241:Infinity:undefined:undefined:undefined:undefined":50,"s:241:4:241:Infinity":148,"s:241:56:241:Infinity":149,"b:242:4:242:Infinity:undefined:undefined:undefined:undefined":51,"s:242:4:242:Infinity":150,"s:242:56:242:Infinity":151,"s:245:20:245:78":152,"b:245:32:245:44:245:44:245:78":52,"b:246:2:247:Infinity:undefined:undefined:undefined:undefined":53,"s:246:2:247:Infinity":153,"b:246:6:246:35:246:35:246:47":54,"s:247:4:247:Infinity":154,"s:250:8:250:51":155,"s:251:8:251:62":156,"s:253:24:253:Infinity":157,"b:253:36:253:45:253:45:253:Infinity":55,"s:254:22:254:Infinity":158,"b:254:34:254:43:254:43:254:Infinity":56,"s:255:8:255:42":159,"s:256:8:256:44":160,"s:258:23:258:Infinity":161,"s:259:19:259:Infinity":162,"s:260:23:260:Infinity":163,"s:261:19:261:Infinity":164,"b:262:2:263:Infinity:undefined:undefined:undefined:undefined":57,"s:262:2:263:Infinity":165,"s:263:4:263:Infinity":166,"s:266:8:266:54":167,"s:267:8:267:54":168,"s:270:56:270:58":169,"s:272:2:294:Infinity":170}}},"/app/src/store.ts":{"path":"/app/src/store.ts","statementMap":{"0":{"start":{"line":59,"column":13},"end":{"line":138,"column":null}},"1":{"start":{"line":61,"column":19},"end":{"line":127,"column":null}},"2":{"start":{"line":65,"column":29},"end":{"line":65,"column":52}},"3":{"start":{"line":66,"column":23},"end":{"line":66,"column":40}},"4":{"start":{"line":75,"column":24},"end":{"line":75,"column":null}},"5":{"start":{"line":76,"column":8},"end":{"line":79,"column":null}},"6":{"start":{"line":77,"column":10},"end":{"line":77,"column":null}},"7":{"start":{"line":77,"column":47},"end":{"line":77,"column":55}},"8":{"start":{"line":79,"column":10},"end":{"line":79,"column":null}},"9":{"start":{"line":82,"column":25},"end":{"line":82,"column":44}},"10":{"start":{"line":83,"column":31},"end":{"line":83,"column":56}},"11":{"start":{"line":84,"column":29},"end":{"line":84,"column":52}},"12":{"start":{"line":85,"column":32},"end":{"line":85,"column":58}},"13":{"start":{"line":92,"column":28},"end":{"line":92,"column":50}},"14":{"start":{"line":93,"column":37},"end":{"line":93,"column":68}},"15":{"start":{"line":94,"column":32},"end":{"line":94,"column":58}},"16":{"start":{"line":95,"column":36},"end":{"line":95,"column":66}},"17":{"start":{"line":98,"column":24},"end":{"line":98,"column":46}},"18":{"start":{"line":102,"column":26},"end":{"line":102,"column":64}},"19":{"start":{"line":103,"column":8},"end":{"line":123,"column":null}},"20":{"start":{"line":104,"column":10},"end":{"line":123,"column":null}},"21":{"start":{"line":105,"column":32},"end":{"line":105,"column":null}},"22":{"start":{"line":106,"column":12},"end":{"line":107,"column":null}},"23":{"start":{"line":107,"column":14},"end":{"line":107,"column":null}},"24":{"start":{"line":109,"column":33},"end":{"line":109,"column":55}},"25":{"start":{"line":110,"column":24},"end":{"line":110,"column":null}},"26":{"start":{"line":111,"column":26},"end":{"line":111,"column":45}},"27":{"start":{"line":112,"column":12},"end":{"line":113,"column":null}},"28":{"start":{"line":112,"column":25},"end":{"line":112,"column":28}},"29":{"start":{"line":113,"column":14},"end":{"line":113,"column":null}},"30":{"start":{"line":115,"column":38},"end":{"line":115,"column":43}},"31":{"start":{"line":116,"column":18},"end":{"line":116,"column":80}},"32":{"start":{"line":117,"column":12},"end":{"line":117,"column":null}},"33":{"start":{"line":119,"column":12},"end":{"line":122,"column":null}},"34":{"start":{"line":123,"column":12},"end":{"line":123,"column":null}},"35":{"start":{"line":131,"column":30},"end":{"line":136,"column":null}}},"fnMap":{"0":{"name":"(anonymous_0)","decl":{"start":{"line":60,"column":2},"end":{"line":60,"column":null}},"loc":{"start":{"line":61,"column":19},"end":{"line":127,"column":null}},"line":61},"1":{"name":"(anonymous_1)","decl":{"start":{"line":65,"column":6},"end":{"line":65,"column":20}},"loc":{"start":{"line":65,"column":29},"end":{"line":65,"column":52}},"line":65},"2":{"name":"(anonymous_2)","decl":{"start":{"line":66,"column":6},"end":{"line":66,"column":17}},"loc":{"start":{"line":66,"column":23},"end":{"line":66,"column":40}},"line":66},"3":{"name":"(anonymous_3)","decl":{"start":{"line":74,"column":6},"end":{"line":74,"column":21}},"loc":{"start":{"line":74,"column":27},"end":{"line":79,"column":null}},"line":74},"4":{"name":"(anonymous_4)","decl":{"start":{"line":77,"column":33},"end":{"line":77,"column":41}},"loc":{"start":{"line":77,"column":47},"end":{"line":77,"column":55}},"line":77},"5":{"name":"(anonymous_5)","decl":{"start":{"line":82,"column":6},"end":{"line":82,"column":19}},"loc":{"start":{"line":82,"column":25},"end":{"line":82,"column":44}},"line":82},"6":{"name":"(anonymous_6)","decl":{"start":{"line":83,"column":6},"end":{"line":83,"column":25}},"loc":{"start":{"line":83,"column":31},"end":{"line":83,"column":56}},"line":83},"7":{"name":"(anonymous_7)","decl":{"start":{"line":84,"column":6},"end":{"line":84,"column":23}},"loc":{"start":{"line":84,"column":29},"end":{"line":84,"column":52}},"line":84},"8":{"name":"(anonymous_8)","decl":{"start":{"line":85,"column":6},"end":{"line":85,"column":26}},"loc":{"start":{"line":85,"column":32},"end":{"line":85,"column":58}},"line":85},"9":{"name":"(anonymous_9)","decl":{"start":{"line":92,"column":6},"end":{"line":92,"column":22}},"loc":{"start":{"line":92,"column":28},"end":{"line":92,"column":50}},"line":92},"10":{"name":"(anonymous_10)","decl":{"start":{"line":93,"column":6},"end":{"line":93,"column":30}},"loc":{"start":{"line":93,"column":37},"end":{"line":93,"column":68}},"line":93},"11":{"name":"(anonymous_11)","decl":{"start":{"line":94,"column":6},"end":{"line":94,"column":26}},"loc":{"start":{"line":94,"column":32},"end":{"line":94,"column":58}},"line":94},"12":{"name":"(anonymous_12)","decl":{"start":{"line":95,"column":6},"end":{"line":95,"column":30}},"loc":{"start":{"line":95,"column":36},"end":{"line":95,"column":66}},"line":95},"13":{"name":"(anonymous_13)","decl":{"start":{"line":98,"column":6},"end":{"line":98,"column":24}},"loc":{"start":{"line":98,"column":24},"end":{"line":98,"column":46}},"line":98},"14":{"name":"(anonymous_14)","decl":{"start":{"line":101,"column":6},"end":{"line":101,"column":33}},"loc":{"start":{"line":101,"column":33},"end":{"line":123,"column":null}},"line":101},"15":{"name":"(anonymous_15)","decl":{"start":{"line":131,"column":6},"end":{"line":131,"column":19}},"loc":{"start":{"line":131,"column":30},"end":{"line":136,"column":null}},"line":131}},"branchMap":{"0":{"loc":{"start":{"line":76,"column":8},"end":{"line":79,"column":null}},"type":"if","locations":[{"start":{"line":76,"column":8},"end":{"line":79,"column":null}},{"start":{"line":78,"column":15},"end":{"line":79,"column":null}}],"line":76},"1":{"loc":{"start":{"line":103,"column":8},"end":{"line":123,"column":null}},"type":"if","locations":[{"start":{"line":103,"column":8},"end":{"line":123,"column":null}},{"start":{},"end":{}}],"line":103},"2":{"loc":{"start":{"line":106,"column":12},"end":{"line":107,"column":null}},"type":"if","locations":[{"start":{"line":106,"column":12},"end":{"line":107,"column":null}},{"start":{},"end":{}}],"line":106},"3":{"loc":{"start":{"line":116,"column":53},"end":{"line":116,"column":80}},"type":"binary-expr","locations":[{"start":{"line":116,"column":53},"end":{"line":116,"column":70}},{"start":{"line":116,"column":70},"end":{"line":116,"column":80}}],"line":116},"4":{"loc":{"start":{"line":121,"column":14},"end":{"line":121,"column":62}},"type":"cond-expr","locations":[{"start":{"line":121,"column":37},"end":{"line":121,"column":51}},{"start":{"line":121,"column":51},"end":{"line":121,"column":62}}],"line":121}},"s":{"0":3,"1":3,"2":2,"3":2,"4":3,"5":3,"6":1,"7":2,"8":2,"9":4,"10":1,"11":1,"12":1,"13":1,"14":0,"15":1,"16":1,"17":1,"18":1,"19":1,"20":1,"21":1,"22":1,"23":1,"24":0,"25":0,"26":0,"27":0,"28":0,"29":0,"30":0,"31":0,"32":1,"33":1,"34":1,"35":0},"f":{"0":3,"1":2,"2":2,"3":3,"4":2,"5":4,"6":1,"7":1,"8":1,"9":1,"10":0,"11":1,"12":1,"13":1,"14":1,"15":0},"b":{"0":[1,2],"1":[1,0],"2":[1,0],"3":[0,0],"4":[1,0]},"meta":{"lastBranch":5,"lastFunction":16,"lastStatement":36,"seen":{"s:59:13:138:Infinity":0,"f:60:2:60:Infinity":0,"s:61:19:127:Infinity":1,"f:65:6:65:20":1,"s:65:29:65:52":2,"f:66:6:66:17":2,"s:66:23:66:40":3,"f:74:6:74:21":3,"s:75:24:75:Infinity":4,"b:76:8:79:Infinity:78:15:79:Infinity":0,"s:76:8:79:Infinity":5,"s:77:10:77:Infinity":6,"f:77:33:77:41":4,"s:77:47:77:55":7,"s:79:10:79:Infinity":8,"f:82:6:82:19":5,"s:82:25:82:44":9,"f:83:6:83:25":6,"s:83:31:83:56":10,"f:84:6:84:23":7,"s:84:29:84:52":11,"f:85:6:85:26":8,"s:85:32:85:58":12,"f:92:6:92:22":9,"s:92:28:92:50":13,"f:93:6:93:30":10,"s:93:37:93:68":14,"f:94:6:94:26":11,"s:94:32:94:58":15,"f:95:6:95:30":12,"s:95:36:95:66":16,"f:98:6:98:24":13,"s:98:24:98:46":17,"f:101:6:101:33":14,"s:102:26:102:64":18,"b:103:8:123:Infinity:undefined:undefined:undefined:undefined":1,"s:103:8:123:Infinity":19,"s:104:10:123:Infinity":20,"s:105:32:105:Infinity":21,"b:106:12:107:Infinity:undefined:undefined:undefined:undefined":2,"s:106:12:107:Infinity":22,"s:107:14:107:Infinity":23,"s:109:33:109:55":24,"s:110:24:110:Infinity":25,"s:111:26:111:45":26,"s:112:12:113:Infinity":27,"s:112:25:112:28":28,"s:113:14:113:Infinity":29,"s:115:38:115:43":30,"s:116:18:116:80":31,"b:116:53:116:70:116:70:116:80":3,"s:117:12:117:Infinity":32,"s:119:12:122:Infinity":33,"b:121:37:121:51:121:51:121:62":4,"s:123:12:123:Infinity":34,"f:131:6:131:19":15,"s:131:30:136:Infinity":35}}}}}
[34m % [39m[2mCoverage report from [22m[33mv8[39m
-------------------|---------|----------|---------|---------|-------------------
File               | % Stmts | % Branch | % Funcs | % Lines | Uncovered Line #s
-------------------|---------|----------|---------|---------|-------------------
All files          |   87.23 |    74.87 |   81.29 |   90.88 |
 src               |   72.97 |       50 |    87.5 |   74.28 |
  queryClient.ts   |     100 |      100 |     100 |     100 |
  store.ts         |   72.22 |       50 |    87.5 |   73.52 | 93,109-116,131
 src/db            |   74.85 |    54.83 |      60 |   78.57 |
  DexDataLoader.ts |   75.86 |    55.55 |   77.77 |   83.33 | 43,47-48,57
  PokeDB.ts        |   72.38 |    54.66 |   51.72 |   75.42 | ...13-245,284-285
  schema.ts        |     100 |      100 |     100 |     100 |
 ...gine/assistant |   90.44 |    72.48 |      75 |   97.63 |
  ...tionEngine.ts |   90.44 |    72.48 |      75 |   97.63 | 56-57,79
 ...ant/strategies |   95.65 |    85.71 |    87.5 |   94.73 |
  gen1Strategy.ts  |   95.23 |    91.66 |   85.71 |   94.11 | 63
  index.ts         |     100 |       50 |     100 |     100 | 14
 ...gine/data/gen1 |     100 |      100 |     100 |     100 |
  assistantData.ts |     100 |      100 |     100 |     100 |
  ...ocations.json |       0 |        0 |       0 |       0 |
 ...gine/data/gen2 |       0 |        0 |       0 |       0 |
  landmarks.json   |       0 |        0 |       0 |       0 |
  ...ocations.json |       0 |        0 |       0 |       0 |
 ...ine/exclusives |     100 |      100 |     100 |     100 |
  ...Exclusives.ts |     100 |      100 |     100 |     100 |
 ...ngine/mapGraph |    93.1 |    92.85 |     100 |   95.65 |
  gen1Graph.ts     |   91.66 |    91.66 |     100 |   94.44 | 41
  index.ts         |     100 |      100 |     100 |     100 |
 ...ine/saveParser |   62.06 |    42.85 |     100 |      64 |
  index.ts         |   62.06 |    42.85 |     100 |      64 | 14,35-38,43-48
 ...Parser/parsers |   92.02 |    80.78 |   92.85 |   96.36 |
  common.ts        |     100 |      100 |     100 |     100 |
  gen1.ts          |   92.47 |    76.47 |     100 |   98.63 | 230-232
  gen2.ts          |   90.64 |    82.05 |   77.77 |   93.52 | ...76,208-211,263
 src/utils         |     100 |      100 |     100 |     100 |
  ...tionConfig.ts |     100 |      100 |     100 |     100 |
-------------------|---------|----------|---------|---------|-------------------
